2025-02-28 01:35:45,370 - ERROR - Failed to connect to MySQL: 1049 (42000): Unknown database 'trading_db'
2025-02-28 01:35:46,246 - INFO - Starting MySQL storage...
2025-02-28 01:35:53,724 - INFO - Received data for storage: BITGET_SPOT_PI_USDT at 2025-02-27 23:35:53
2025-02-28 01:35:53,728 - ERROR - No MySQL connection available
2025-02-28 01:35:53,729 - WARNING - Failed to store data in MySQL
2025-02-28 01:35:53,832 - INFO - Received data for storage: BITGET_SPOT_PI_USDT at 2025-02-27 23:35:54
2025-02-28 01:35:53,852 - ERROR - No MySQL connection available
2025-02-28 01:35:53,853 - WARNING - Failed to store data in MySQL
2025-02-28 01:35:53,972 - INFO - Received data for storage: BITGET_SPOT_PI_USDT at 2025-02-27 23:35:54
2025-02-28 01:35:53,978 - ERROR - No MySQL connection available
2025-02-28 01:35:53,979 - WARNING - Failed to store data in MySQL
2025-02-28 01:35:54,095 - INFO - Received data for storage: BITGET_SPOT_PI_USDT at 2025-02-27 23:35:54
2025-02-28 01:35:54,098 - ERROR - No MySQL connection available
2025-02-28 01:35:54,098 - WARNING - Failed to store data in MySQL
2025-02-28 01:35:54,201 - INFO - Received data for storage: BITGET_SPOT_PI_USDT at 2025-02-27 23:35:54
2025-02-28 01:35:54,217 - ERROR - No MySQL connection available
2025-02-28 01:35:54,220 - WARNING - Failed to store data in MySQL
2025-02-28 01:35:54,335 - INFO - Received data for storage: BITGET_SPOT_PI_USDT at 2025-02-27 23:35:54
2025-02-28 01:35:54,337 - ERROR - No MySQL connection available
2025-02-28 01:35:54,340 - WARNING - Failed to store data in MySQL
2025-02-28 01:35:54,458 - INFO - Received data for storage: BITGET_SPOT_PI_USDT at 2025-02-27 23:35:54
2025-02-28 01:35:54,459 - ERROR - No MySQL connection available
2025-02-28 01:35:54,461 - WARNING - Failed to store data in MySQL
2025-02-28 01:35:54,577 - INFO - Received data for storage: BITGET_SPOT_PI_USDT at 2025-02-27 23:35:54
2025-02-28 01:35:54,581 - ERROR - No MySQL connection available
2025-02-28 01:35:54,581 - WARNING - Failed to store data in MySQL
2025-02-28 01:35:54,704 - INFO - Received data for storage: BITGET_SPOT_PI_USDT at 2025-02-27 23:35:54
2025-02-28 01:35:54,708 - ERROR - No MySQL connection available
2025-02-28 01:35:54,708 - WARNING - Failed to store data in MySQL
2025-02-28 01:35:54,823 - INFO - Received data for storage: BITGET_SPOT_PI_USDT at 2025-02-27 23:35:54
2025-02-28 01:35:54,823 - ERROR - No MySQL connection available
2025-02-28 01:35:54,823 - WARNING - Failed to store data in MySQL
2025-02-28 01:35:54,950 - INFO - Received data for storage: BITGET_SPOT_PI_USDT at 2025-02-27 23:35:54
2025-02-28 01:35:54,951 - ERROR - No MySQL connection available
2025-02-28 01:35:54,953 - WARNING - Failed to store data in MySQL
2025-02-28 01:35:55,070 - INFO - Received data for storage: BITGET_SPOT_PI_USDT at 2025-02-27 23:35:54
2025-02-28 01:35:55,074 - ERROR - No MySQL connection available
2025-02-28 01:35:55,075 - WARNING - Failed to store data in MySQL
2025-02-28 01:35:55,188 - INFO - Received data for storage: BITGET_SPOT_PI_USDT at 2025-02-27 23:35:54
2025-02-28 01:35:55,188 - ERROR - No MySQL connection available
2025-02-28 01:35:55,188 - WARNING - Failed to store data in MySQL
2025-02-28 01:35:55,317 - INFO - Received data for storage: BITGET_SPOT_PI_USDT at 2025-02-27 23:35:55
2025-02-28 01:35:55,319 - ERROR - No MySQL connection available
2025-02-28 01:35:55,320 - WARNING - Failed to store data in MySQL
2025-02-28 01:35:55,447 - INFO - Received data for storage: BITGET_SPOT_PI_USDT at 2025-02-27 23:35:55
2025-02-28 01:35:55,454 - ERROR - No MySQL connection available
2025-02-28 01:35:55,455 - WARNING - Failed to store data in MySQL
2025-02-28 01:35:55,592 - INFO - Received data for storage: BITGET_SPOT_PI_USDT at 2025-02-27 23:35:55
2025-02-28 01:35:55,593 - ERROR - No MySQL connection available
2025-02-28 01:35:55,597 - WARNING - Failed to store data in MySQL
2025-02-28 01:35:55,719 - INFO - Received data for storage: BITGET_SPOT_PI_USDT at 2025-02-27 23:35:55
2025-02-28 01:35:55,720 - ERROR - No MySQL connection available
2025-02-28 01:35:55,724 - WARNING - Failed to store data in MySQL
2025-02-28 01:35:55,840 - INFO - Received data for storage: BITGET_SPOT_PI_USDT at 2025-02-27 23:35:56
2025-02-28 01:35:55,841 - ERROR - No MySQL connection available
2025-02-28 01:35:55,843 - WARNING - Failed to store data in MySQL
2025-02-28 01:35:55,962 - INFO - Received data for storage: BITGET_SPOT_PI_USDT at 2025-02-27 23:35:56
2025-02-28 01:35:55,964 - ERROR - No MySQL connection available
2025-02-28 01:35:55,964 - WARNING - Failed to store data in MySQL
2025-02-28 01:35:56,083 - INFO - Received data for storage: BITGET_SPOT_PI_USDT at 2025-02-27 23:35:56
2025-02-28 01:35:56,086 - ERROR - No MySQL connection available
2025-02-28 01:35:56,086 - WARNING - Failed to store data in MySQL
2025-02-28 01:35:56,202 - INFO - Received data for storage: BITGET_SPOT_PI_USDT at 2025-02-27 23:35:56
2025-02-28 01:35:56,202 - ERROR - No MySQL connection available
2025-02-28 01:35:56,219 - WARNING - Failed to store data in MySQL
2025-02-28 01:35:56,358 - INFO - Received data for storage: BITGET_SPOT_PI_USDT at 2025-02-27 23:35:56
2025-02-28 01:35:56,361 - ERROR - No MySQL connection available
2025-02-28 01:35:56,361 - WARNING - Failed to store data in MySQL
2025-02-28 01:35:56,493 - INFO - Received data for storage: BITGET_SPOT_PI_USDT at 2025-02-27 23:35:56
2025-02-28 01:35:56,493 - ERROR - No MySQL connection available
2025-02-28 01:35:56,493 - WARNING - Failed to store data in MySQL
2025-02-28 01:35:56,634 - INFO - Received data for storage: BITGET_SPOT_PI_USDT at 2025-02-27 23:35:56
2025-02-28 01:35:56,634 - ERROR - No MySQL connection available
2025-02-28 01:35:56,634 - WARNING - Failed to store data in MySQL
2025-02-28 01:35:56,776 - INFO - Received data for storage: BITGET_SPOT_PI_USDT at 2025-02-27 23:35:57
2025-02-28 01:35:56,779 - ERROR - No MySQL connection available
2025-02-28 01:35:56,784 - WARNING - Failed to store data in MySQL
2025-02-28 01:35:56,901 - INFO - Received data for storage: BITGET_SPOT_PI_USDT at 2025-02-27 23:35:57
2025-02-28 01:35:56,902 - ERROR - No MySQL connection available
2025-02-28 01:35:56,903 - WARNING - Failed to store data in MySQL
2025-02-28 01:35:57,047 - INFO - Received data for storage: BITGET_SPOT_PI_USDT at 2025-02-27 23:35:57
2025-02-28 01:35:57,057 - ERROR - No MySQL connection available
2025-02-28 01:35:57,060 - WARNING - Failed to store data in MySQL
2025-02-28 01:35:57,175 - INFO - Received data for storage: BITGET_SPOT_PI_USDT at 2025-02-27 23:35:57
2025-02-28 01:35:57,181 - ERROR - No MySQL connection available
2025-02-28 01:35:57,181 - WARNING - Failed to store data in MySQL
2025-02-28 01:35:57,297 - INFO - Received data for storage: BITGET_SPOT_PI_USDT at 2025-02-27 23:35:57
2025-02-28 01:35:57,314 - ERROR - No MySQL connection available
2025-02-28 01:35:57,315 - WARNING - Failed to store data in MySQL
2025-02-28 01:35:57,448 - INFO - Received data for storage: BITGET_SPOT_PI_USDT at 2025-02-27 23:35:57
2025-02-28 01:35:57,448 - ERROR - No MySQL connection available
2025-02-28 01:35:57,448 - WARNING - Failed to store data in MySQL
2025-02-28 01:35:57,570 - INFO - Received data for storage: BITGET_SPOT_PI_USDT at 2025-02-27 23:35:57
2025-02-28 01:35:57,572 - ERROR - No MySQL connection available
2025-02-28 01:35:57,573 - WARNING - Failed to store data in MySQL
2025-02-28 01:35:57,712 - INFO - Received data for storage: BITGET_SPOT_PI_USDT at 2025-02-27 23:35:57
2025-02-28 01:35:57,715 - ERROR - No MySQL connection available
2025-02-28 01:35:57,716 - WARNING - Failed to store data in MySQL
2025-02-28 01:35:57,862 - INFO - Received data for storage: BITGET_SPOT_PI_USDT at 2025-02-27 23:35:58
2025-02-28 01:35:57,862 - ERROR - No MySQL connection available
2025-02-28 01:35:57,865 - WARNING - Failed to store data in MySQL
2025-02-28 01:35:58,009 - INFO - Received data for storage: BITGET_SPOT_PI_USDT at 2025-02-27 23:35:58
2025-02-28 01:35:58,013 - ERROR - No MySQL connection available
2025-02-28 01:35:58,013 - WARNING - Failed to store data in MySQL
2025-02-28 01:35:58,121 - INFO - Received data for storage: BITGET_SPOT_PI_USDT at 2025-02-27 23:35:58
2025-02-28 01:35:58,136 - ERROR - No MySQL connection available
2025-02-28 01:35:58,137 - WARNING - Failed to store data in MySQL
2025-02-28 01:35:58,264 - INFO - Received data for storage: BITGET_SPOT_PI_USDT at 2025-02-27 23:35:58
2025-02-28 01:35:58,268 - ERROR - No MySQL connection available
2025-02-28 01:35:58,269 - WARNING - Failed to store data in MySQL
2025-02-28 01:35:58,391 - INFO - Received data for storage: BITGET_SPOT_PI_USDT at 2025-02-27 23:35:58
2025-02-28 01:35:58,391 - ERROR - No MySQL connection available
2025-02-28 01:35:58,403 - WARNING - Failed to store data in MySQL
2025-02-28 01:35:58,527 - INFO - Received data for storage: BITGET_SPOT_PI_USDT at 2025-02-27 23:35:58
2025-02-28 01:35:58,535 - ERROR - No MySQL connection available
2025-02-28 01:35:58,535 - WARNING - Failed to store data in MySQL
2025-02-28 01:35:58,653 - INFO - Received data for storage: BITGET_SPOT_PI_USDT at 2025-02-27 23:35:58
2025-02-28 01:35:58,661 - ERROR - No MySQL connection available
2025-02-28 01:35:58,662 - WARNING - Failed to store data in MySQL
2025-02-28 01:35:58,786 - INFO - Received data for storage: BITGET_SPOT_PI_USDT at 2025-02-27 23:35:58
2025-02-28 01:35:58,786 - ERROR - No MySQL connection available
2025-02-28 01:35:58,786 - WARNING - Failed to store data in MySQL
2025-02-28 01:35:58,917 - INFO - Received data for storage: BITGET_SPOT_PI_USDT at 2025-02-27 23:35:59
2025-02-28 01:35:58,920 - ERROR - No MySQL connection available
2025-02-28 01:35:58,920 - WARNING - Failed to store data in MySQL
2025-02-28 01:35:59,054 - INFO - Received data for storage: BITGET_SPOT_PI_USDT at 2025-02-27 23:35:59
2025-02-28 01:35:59,058 - ERROR - No MySQL connection available
2025-02-28 01:35:59,058 - WARNING - Failed to store data in MySQL
2025-02-28 01:35:59,185 - INFO - Received data for storage: BITGET_SPOT_PI_USDT at 2025-02-27 23:35:59
2025-02-28 01:35:59,186 - ERROR - No MySQL connection available
2025-02-28 01:35:59,188 - WARNING - Failed to store data in MySQL
2025-02-28 01:35:59,312 - INFO - Received data for storage: BITGET_SPOT_PI_USDT at 2025-02-27 23:35:59
2025-02-28 01:35:59,315 - ERROR - No MySQL connection available
2025-02-28 01:35:59,316 - WARNING - Failed to store data in MySQL
2025-02-28 01:35:59,438 - INFO - Received data for storage: BITGET_SPOT_PI_USDT at 2025-02-27 23:35:59
2025-02-28 01:35:59,440 - ERROR - No MySQL connection available
2025-02-28 01:35:59,440 - WARNING - Failed to store data in MySQL
2025-02-28 01:35:59,560 - INFO - Received data for storage: BITGET_SPOT_PI_USDT at 2025-02-27 23:35:59
2025-02-28 01:35:59,561 - ERROR - No MySQL connection available
2025-02-28 01:35:59,564 - WARNING - Failed to store data in MySQL
2025-02-28 01:35:59,688 - INFO - Received data for storage: BITGET_SPOT_PI_USDT at 2025-02-27 23:35:59
2025-02-28 01:35:59,692 - ERROR - No MySQL connection available
2025-02-28 01:35:59,693 - WARNING - Failed to store data in MySQL
2025-02-28 01:35:59,814 - INFO - Received data for storage: BITGET_SPOT_PI_USDT at 2025-02-27 23:35:59
2025-02-28 01:35:59,816 - ERROR - No MySQL connection available
2025-02-28 01:35:59,817 - WARNING - Failed to store data in MySQL
2025-02-28 01:35:59,944 - INFO - Received data for storage: BITGET_SPOT_PI_USDT at 2025-02-27 23:35:59
2025-02-28 01:35:59,949 - ERROR - No MySQL connection available
2025-02-28 01:35:59,950 - WARNING - Failed to store data in MySQL
2025-02-28 01:36:00,058 - INFO - Received data for storage: BITGET_SPOT_PI_USDT at 2025-02-27 23:35:59
2025-02-28 01:36:00,058 - ERROR - No MySQL connection available
2025-02-28 01:36:00,058 - WARNING - Failed to store data in MySQL
2025-02-28 01:36:00,176 - INFO - Received data for storage: BITGET_SPOT_PI_USDT at 2025-02-27 23:35:59
2025-02-28 01:36:00,190 - ERROR - No MySQL connection available
2025-02-28 01:36:00,191 - WARNING - Failed to store data in MySQL
2025-02-28 01:36:00,333 - INFO - Received data for storage: BITGET_SPOT_PI_USDT at 2025-02-27 23:36:00
2025-02-28 01:36:00,339 - ERROR - No MySQL connection available
2025-02-28 01:36:00,340 - WARNING - Failed to store data in MySQL
2025-02-28 01:36:00,478 - INFO - Received data for storage: BITGET_SPOT_PI_USDT at 2025-02-27 23:36:00
2025-02-28 01:36:00,478 - ERROR - No MySQL connection available
2025-02-28 01:36:00,478 - WARNING - Failed to store data in MySQL
2025-02-28 01:36:00,624 - INFO - Received data for storage: BITGET_SPOT_PI_USDT at 2025-02-27 23:36:00
2025-02-28 01:36:00,630 - ERROR - No MySQL connection available
2025-02-28 01:36:00,630 - WARNING - Failed to store data in MySQL
2025-02-28 01:36:00,748 - INFO - Received data for storage: BITGET_SPOT_PI_USDT at 2025-02-27 23:36:00
2025-02-28 01:36:00,749 - ERROR - No MySQL connection available
2025-02-28 01:36:00,750 - WARNING - Failed to store data in MySQL
2025-02-28 01:36:00,868 - INFO - Received data for storage: BITGET_SPOT_PI_USDT at 2025-02-27 23:36:00
2025-02-28 01:36:00,871 - ERROR - No MySQL connection available
2025-02-28 01:36:00,871 - WARNING - Failed to store data in MySQL
2025-02-28 01:36:01,030 - INFO - Received data for storage: BITGET_SPOT_PI_USDT at 2025-02-27 23:36:00
2025-02-28 01:36:01,034 - ERROR - No MySQL connection available
2025-02-28 01:36:01,034 - WARNING - Failed to store data in MySQL
2025-02-28 01:36:01,149 - INFO - Received data for storage: BITGET_SPOT_PI_USDT at 2025-02-27 23:36:00
2025-02-28 01:36:01,161 - ERROR - No MySQL connection available
2025-02-28 01:36:01,162 - WARNING - Failed to store data in MySQL
2025-02-28 01:36:01,278 - INFO - Received data for storage: BITGET_SPOT_PI_USDT at 2025-02-27 23:36:00
2025-02-28 01:36:01,282 - ERROR - No MySQL connection available
2025-02-28 01:36:01,282 - WARNING - Failed to store data in MySQL
2025-02-28 01:36:01,405 - INFO - Received data for storage: BITGET_SPOT_PI_USDT at 2025-02-27 23:36:00
2025-02-28 01:36:01,412 - ERROR - No MySQL connection available
2025-02-28 01:36:01,413 - WARNING - Failed to store data in MySQL
2025-02-28 01:36:01,534 - INFO - Received data for storage: BITGET_SPOT_PI_USDT at 2025-02-27 23:36:00
2025-02-28 01:36:01,535 - ERROR - No MySQL connection available
2025-02-28 01:36:01,536 - WARNING - Failed to store data in MySQL
2025-02-28 01:36:01,647 - INFO - Received data for storage: BITGET_SPOT_PI_USDT at 2025-02-27 23:36:00
2025-02-28 01:36:01,659 - ERROR - No MySQL connection available
2025-02-28 01:36:01,660 - WARNING - Failed to store data in MySQL
2025-02-28 01:49:32,190 - INFO - Connected to MySQL and created table pi_trades
2025-02-28 01:49:32,922 - INFO - Starting MySQL storage...
2025-02-28 01:49:41,314 - INFO - Received data for storage: BITGET_SPOT_PI_USDT at 2025-02-27 23:49:41
2025-02-28 01:49:41,316 - INFO - Stored data for BITGET_SPOT_PI_USDT at 2025-02-27 23:49:41
2025-02-28 01:49:41,316 - INFO - Data processed and stored in MySQL
2025-02-28 01:49:41,432 - INFO - Received data for storage: BITGET_SPOT_PI_USDT at 2025-02-27 23:49:41
2025-02-28 01:49:41,449 - INFO - Stored data for BITGET_SPOT_PI_USDT at 2025-02-27 23:49:41
2025-02-28 01:49:41,450 - INFO - Data processed and stored in MySQL
2025-02-28 01:49:41,556 - INFO - Received data for storage: BITGET_SPOT_PI_USDT at 2025-02-27 23:49:41
2025-02-28 01:49:41,561 - INFO - Stored data for BITGET_SPOT_PI_USDT at 2025-02-27 23:49:41
2025-02-28 01:49:41,561 - INFO - Data processed and stored in MySQL
2025-02-28 01:49:41,675 - INFO - Received data for storage: BITGET_SPOT_PI_USDT at 2025-02-27 23:49:41
2025-02-28 01:49:41,682 - INFO - Stored data for BITGET_SPOT_PI_USDT at 2025-02-27 23:49:41
2025-02-28 01:49:41,682 - INFO - Data processed and stored in MySQL
2025-02-28 01:49:41,783 - INFO - Received data for storage: BITGET_SPOT_PI_USDT at 2025-02-27 23:49:42
2025-02-28 01:49:41,802 - INFO - Stored data for BITGET_SPOT_PI_USDT at 2025-02-27 23:49:42
2025-02-28 01:49:41,802 - INFO - Data processed and stored in MySQL
2025-02-28 01:49:41,901 - INFO - Received data for storage: BITGET_SPOT_PI_USDT at 2025-02-27 23:49:42
2025-02-28 01:49:41,917 - INFO - Stored data for BITGET_SPOT_PI_USDT at 2025-02-27 23:49:42
2025-02-28 01:49:41,917 - INFO - Data processed and stored in MySQL
2025-02-28 01:49:42,049 - INFO - Received data for storage: BITGET_SPOT_PI_USDT at 2025-02-27 23:49:42
2025-02-28 01:49:42,066 - INFO - Stored data for BITGET_SPOT_PI_USDT at 2025-02-27 23:49:42
2025-02-28 01:49:42,066 - INFO - Data processed and stored in MySQL
2025-02-28 01:49:42,174 - INFO - Received data for storage: BITGET_SPOT_PI_USDT at 2025-02-27 23:49:42
2025-02-28 01:49:42,186 - INFO - Stored data for BITGET_SPOT_PI_USDT at 2025-02-27 23:49:42
2025-02-28 01:49:42,186 - INFO - Data processed and stored in MySQL
2025-02-28 01:49:42,293 - INFO - Received data for storage: BITGET_SPOT_PI_USDT at 2025-02-27 23:49:42
2025-02-28 01:49:42,293 - INFO - Stored data for BITGET_SPOT_PI_USDT at 2025-02-27 23:49:42
2025-02-28 01:49:42,293 - INFO - Data processed and stored in MySQL
2025-02-28 01:49:42,403 - INFO - Received data for storage: BITGET_SPOT_PI_USDT at 2025-02-27 23:49:42
2025-02-28 01:49:42,403 - INFO - Stored data for BITGET_SPOT_PI_USDT at 2025-02-27 23:49:42
2025-02-28 01:49:42,419 - INFO - Data processed and stored in MySQL
2025-02-28 01:49:42,535 - INFO - Received data for storage: BITGET_SPOT_PI_USDT at 2025-02-27 23:49:42
2025-02-28 01:49:42,535 - INFO - Stored data for BITGET_SPOT_PI_USDT at 2025-02-27 23:49:42
2025-02-28 01:49:42,535 - INFO - Data processed and stored in MySQL
2025-02-28 01:49:42,679 - INFO - Received data for storage: BITGET_SPOT_PI_USDT at 2025-02-27 23:49:42
2025-02-28 01:49:42,691 - INFO - Stored data for BITGET_SPOT_PI_USDT at 2025-02-27 23:49:42
2025-02-28 01:49:42,691 - INFO - Data processed and stored in MySQL
2025-02-28 01:49:42,806 - INFO - Received data for storage: BITGET_SPOT_PI_USDT at 2025-02-27 23:49:43
2025-02-28 01:49:42,809 - INFO - Stored data for BITGET_SPOT_PI_USDT at 2025-02-27 23:49:43
2025-02-28 01:49:42,809 - INFO - Data processed and stored in MySQL
2025-02-28 01:49:42,926 - INFO - Received data for storage: BITGET_SPOT_PI_USDT at 2025-02-27 23:49:43
2025-02-28 01:49:42,931 - INFO - Stored data for BITGET_SPOT_PI_USDT at 2025-02-27 23:49:43
2025-02-28 01:49:42,932 - INFO - Data processed and stored in MySQL
2025-02-28 01:49:43,054 - INFO - Received data for storage: BITGET_SPOT_PI_USDT at 2025-02-27 23:49:43
2025-02-28 01:49:43,070 - INFO - Stored data for BITGET_SPOT_PI_USDT at 2025-02-27 23:49:43
2025-02-28 01:49:43,070 - INFO - Data processed and stored in MySQL
2025-02-28 01:49:43,189 - INFO - Received data for storage: BITGET_SPOT_PI_USDT at 2025-02-27 23:49:43
2025-02-28 01:49:43,189 - INFO - Stored data for BITGET_SPOT_PI_USDT at 2025-02-27 23:49:43
2025-02-28 01:49:43,189 - INFO - Data processed and stored in MySQL
2025-02-28 01:49:43,311 - INFO - Received data for storage: BITGET_SPOT_PI_USDT at 2025-02-27 23:49:43
2025-02-28 01:49:43,317 - INFO - Stored data for BITGET_SPOT_PI_USDT at 2025-02-27 23:49:43
2025-02-28 01:49:43,317 - INFO - Data processed and stored in MySQL
2025-02-28 01:49:43,431 - INFO - Received data for storage: BITGET_SPOT_PI_USDT at 2025-02-27 23:49:43
2025-02-28 01:49:43,435 - INFO - Stored data for BITGET_SPOT_PI_USDT at 2025-02-27 23:49:43
2025-02-28 01:49:43,435 - INFO - Data processed and stored in MySQL
2025-02-28 01:49:43,543 - INFO - Received data for storage: BITGET_SPOT_PI_USDT at 2025-02-27 23:49:43
2025-02-28 01:49:43,557 - INFO - Stored data for BITGET_SPOT_PI_USDT at 2025-02-27 23:49:43
2025-02-28 01:49:43,557 - INFO - Data processed and stored in MySQL
2025-02-28 01:49:43,672 - INFO - Received data for storage: BITGET_SPOT_PI_USDT at 2025-02-27 23:49:43
2025-02-28 01:49:43,674 - INFO - Stored data for BITGET_SPOT_PI_USDT at 2025-02-27 23:49:43
2025-02-28 01:49:43,674 - INFO - Data processed and stored in MySQL
2025-02-28 01:49:43,799 - INFO - Received data for storage: BITGET_SPOT_PI_USDT at 2025-02-27 23:49:44
2025-02-28 01:49:43,799 - INFO - Stored data for BITGET_SPOT_PI_USDT at 2025-02-27 23:49:44
2025-02-28 01:49:43,799 - INFO - Data processed and stored in MySQL
2025-02-28 01:49:43,918 - INFO - Received data for storage: BITGET_SPOT_PI_USDT at 2025-02-27 23:49:44
2025-02-28 01:49:43,925 - INFO - Stored data for BITGET_SPOT_PI_USDT at 2025-02-27 23:49:44
2025-02-28 01:49:43,925 - INFO - Data processed and stored in MySQL
2025-02-28 01:49:44,026 - INFO - Received data for storage: BITGET_SPOT_PI_USDT at 2025-02-27 23:49:44
2025-02-28 01:49:44,048 - INFO - Stored data for BITGET_SPOT_PI_USDT at 2025-02-27 23:49:44
2025-02-28 01:49:44,048 - INFO - Data processed and stored in MySQL
2025-02-28 01:49:44,159 - INFO - Received data for storage: BITGET_SPOT_PI_USDT at 2025-02-27 23:49:44
2025-02-28 01:49:44,167 - INFO - Stored data for BITGET_SPOT_PI_USDT at 2025-02-27 23:49:44
2025-02-28 01:49:44,167 - INFO - Data processed and stored in MySQL
2025-02-28 01:49:44,280 - INFO - Received data for storage: BITGET_SPOT_PI_USDT at 2025-02-27 23:49:44
2025-02-28 01:49:44,293 - INFO - Stored data for BITGET_SPOT_PI_USDT at 2025-02-27 23:49:44
2025-02-28 01:49:44,294 - INFO - Data processed and stored in MySQL
2025-02-28 01:49:44,394 - INFO - Received data for storage: BITGET_SPOT_PI_USDT at 2025-02-27 23:49:44
2025-02-28 01:49:44,407 - INFO - Stored data for BITGET_SPOT_PI_USDT at 2025-02-27 23:49:44
2025-02-28 01:49:44,407 - INFO - Data processed and stored in MySQL
2025-02-28 01:49:44,548 - INFO - Received data for storage: BITGET_SPOT_PI_USDT at 2025-02-27 23:49:44
2025-02-28 01:49:44,570 - INFO - Stored data for BITGET_SPOT_PI_USDT at 2025-02-27 23:49:44
2025-02-28 01:49:44,570 - INFO - Data processed and stored in MySQL
2025-02-28 01:49:44,683 - INFO - Received data for storage: BITGET_SPOT_PI_USDT at 2025-02-27 23:49:45
2025-02-28 01:49:44,695 - INFO - Stored data for BITGET_SPOT_PI_USDT at 2025-02-27 23:49:45
2025-02-28 01:49:44,695 - INFO - Data processed and stored in MySQL
2025-02-28 01:49:44,804 - INFO - Received data for storage: BITGET_SPOT_PI_USDT at 2025-02-27 23:49:45
2025-02-28 01:49:44,817 - INFO - Stored data for BITGET_SPOT_PI_USDT at 2025-02-27 23:49:45
2025-02-28 01:49:44,817 - INFO - Data processed and stored in MySQL
2025-02-28 01:49:44,925 - INFO - Received data for storage: BITGET_SPOT_PI_USDT at 2025-02-27 23:49:45
2025-02-28 01:49:44,931 - INFO - Stored data for BITGET_SPOT_PI_USDT at 2025-02-27 23:49:45
2025-02-28 01:49:44,931 - INFO - Data processed and stored in MySQL
2025-02-28 01:49:45,035 - INFO - Received data for storage: BITGET_SPOT_PI_USDT at 2025-02-27 23:49:45
2025-02-28 01:49:45,047 - INFO - Stored data for BITGET_SPOT_PI_USDT at 2025-02-27 23:49:45
2025-02-28 01:49:45,047 - INFO - Data processed and stored in MySQL
2025-02-28 01:49:45,169 - INFO - Received data for storage: BITGET_SPOT_PI_USDT at 2025-02-27 23:49:45
2025-02-28 01:49:45,194 - INFO - Stored data for BITGET_SPOT_PI_USDT at 2025-02-27 23:49:45
2025-02-28 01:49:45,195 - INFO - Data processed and stored in MySQL
2025-02-28 01:49:45,304 - INFO - Received data for storage: BITGET_SPOT_PI_USDT at 2025-02-27 23:49:45
2025-02-28 01:49:45,316 - INFO - Stored data for BITGET_SPOT_PI_USDT at 2025-02-27 23:49:45
2025-02-28 01:49:45,316 - INFO - Data processed and stored in MySQL
2025-02-28 01:49:45,435 - INFO - Received data for storage: BITGET_SPOT_PI_USDT at 2025-02-27 23:49:45
2025-02-28 01:49:45,447 - INFO - Stored data for BITGET_SPOT_PI_USDT at 2025-02-27 23:49:45
2025-02-28 01:49:45,448 - INFO - Data processed and stored in MySQL
2025-02-28 01:49:45,554 - INFO - Received data for storage: BITGET_SPOT_PI_USDT at 2025-02-27 23:49:45
2025-02-28 01:49:45,554 - INFO - Stored data for BITGET_SPOT_PI_USDT at 2025-02-27 23:49:45
2025-02-28 01:49:45,554 - INFO - Data processed and stored in MySQL
2025-02-28 01:49:45,673 - INFO - Received data for storage: BITGET_SPOT_PI_USDT at 2025-02-27 23:49:45
2025-02-28 01:49:45,682 - INFO - Stored data for BITGET_SPOT_PI_USDT at 2025-02-27 23:49:45
2025-02-28 01:49:45,682 - INFO - Data processed and stored in MySQL
2025-02-28 01:49:45,803 - INFO - Received data for storage: BITGET_SPOT_PI_USDT at 2025-02-27 23:49:45
2025-02-28 01:49:45,816 - INFO - Stored data for BITGET_SPOT_PI_USDT at 2025-02-27 23:49:45
2025-02-28 01:49:45,817 - INFO - Data processed and stored in MySQL
2025-02-28 01:49:45,919 - INFO - Received data for storage: BITGET_SPOT_PI_USDT at 2025-02-27 23:49:45
2025-02-28 01:49:45,942 - INFO - Stored data for BITGET_SPOT_PI_USDT at 2025-02-27 23:49:45
2025-02-28 01:49:45,942 - INFO - Data processed and stored in MySQL
2025-02-28 01:49:46,056 - INFO - Received data for storage: BITGET_SPOT_PI_USDT at 2025-02-27 23:49:46
2025-02-28 01:49:46,069 - INFO - Stored data for BITGET_SPOT_PI_USDT at 2025-02-27 23:49:46
2025-02-28 01:49:46,069 - INFO - Data processed and stored in MySQL
2025-02-28 01:49:46,189 - INFO - Received data for storage: BITGET_SPOT_PI_USDT at 2025-02-27 23:49:46
2025-02-28 01:49:46,189 - INFO - Stored data for BITGET_SPOT_PI_USDT at 2025-02-27 23:49:46
2025-02-28 01:49:46,189 - INFO - Data processed and stored in MySQL
2025-02-28 01:49:46,312 - INFO - Received data for storage: BITGET_SPOT_PI_USDT at 2025-02-27 23:49:46
2025-02-28 01:49:46,313 - INFO - Stored data for BITGET_SPOT_PI_USDT at 2025-02-27 23:49:46
2025-02-28 01:49:46,313 - INFO - Data processed and stored in MySQL
2025-02-28 01:49:46,421 - INFO - Received data for storage: BITGET_SPOT_PI_USDT at 2025-02-27 23:49:46
2025-02-28 01:49:46,440 - INFO - Stored data for BITGET_SPOT_PI_USDT at 2025-02-27 23:49:46
2025-02-28 01:49:46,441 - INFO - Data processed and stored in MySQL
2025-02-28 01:49:46,558 - INFO - Received data for storage: BITGET_SPOT_PI_USDT at 2025-02-27 23:49:46
2025-02-28 01:49:46,562 - INFO - Stored data for BITGET_SPOT_PI_USDT at 2025-02-27 23:49:46
2025-02-28 01:49:46,563 - INFO - Data processed and stored in MySQL
2025-02-28 01:49:46,679 - INFO - Received data for storage: BITGET_SPOT_PI_USDT at 2025-02-27 23:49:46
2025-02-28 01:49:46,687 - INFO - Stored data for BITGET_SPOT_PI_USDT at 2025-02-27 23:49:46
2025-02-28 01:49:46,688 - INFO - Data processed and stored in MySQL
2025-02-28 01:49:46,806 - INFO - Received data for storage: BITGET_SPOT_PI_USDT at 2025-02-27 23:49:46
2025-02-28 01:49:46,811 - INFO - Stored data for BITGET_SPOT_PI_USDT at 2025-02-27 23:49:46
2025-02-28 01:49:46,811 - INFO - Data processed and stored in MySQL
2025-02-28 01:49:46,940 - INFO - Received data for storage: BITGET_SPOT_PI_USDT at 2025-02-27 23:49:46
2025-02-28 01:49:46,959 - INFO - Stored data for BITGET_SPOT_PI_USDT at 2025-02-27 23:49:46
2025-02-28 01:49:46,959 - INFO - Data processed and stored in MySQL
2025-02-28 01:49:47,073 - INFO - Received data for storage: BITGET_SPOT_PI_USDT at 2025-02-27 23:49:46
2025-02-28 01:49:47,073 - INFO - Stored data for BITGET_SPOT_PI_USDT at 2025-02-27 23:49:46
2025-02-28 01:49:47,073 - INFO - Data processed and stored in MySQL
2025-02-28 01:49:47,209 - INFO - Received data for storage: BITGET_SPOT_PI_USDT at 2025-02-27 23:49:46
2025-02-28 01:49:47,228 - INFO - Stored data for BITGET_SPOT_PI_USDT at 2025-02-27 23:49:46
2025-02-28 01:49:47,230 - INFO - Data processed and stored in MySQL
2025-02-28 01:49:47,346 - INFO - Received data for storage: BITGET_SPOT_PI_USDT at 2025-02-27 23:49:46
2025-02-28 01:49:47,358 - INFO - Stored data for BITGET_SPOT_PI_USDT at 2025-02-27 23:49:46
2025-02-28 01:49:47,358 - INFO - Data processed and stored in MySQL
2025-02-28 01:49:47,483 - INFO - Received data for storage: BITGET_SPOT_PI_USDT at 2025-02-27 23:49:47
2025-02-28 01:49:47,497 - INFO - Stored data for BITGET_SPOT_PI_USDT at 2025-02-27 23:49:47
2025-02-28 01:49:47,497 - INFO - Data processed and stored in MySQL
2025-02-28 01:49:47,623 - INFO - Received data for storage: BITGET_SPOT_PI_USDT at 2025-02-27 23:49:47
2025-02-28 01:49:47,640 - INFO - Stored data for BITGET_SPOT_PI_USDT at 2025-02-27 23:49:47
2025-02-28 01:49:47,641 - INFO - Data processed and stored in MySQL
2025-02-28 01:49:47,776 - INFO - Received data for storage: BITGET_SPOT_PI_USDT at 2025-02-27 23:49:47
2025-02-28 01:49:47,776 - INFO - Stored data for BITGET_SPOT_PI_USDT at 2025-02-27 23:49:47
2025-02-28 01:49:47,784 - INFO - Data processed and stored in MySQL
2025-02-28 01:49:47,928 - INFO - Received data for storage: BITGET_SPOT_PI_USDT at 2025-02-27 23:49:47
2025-02-28 01:49:47,945 - INFO - Stored data for BITGET_SPOT_PI_USDT at 2025-02-27 23:49:47
2025-02-28 01:49:47,946 - INFO - Data processed and stored in MySQL
2025-02-28 01:49:48,078 - INFO - Received data for storage: BITGET_SPOT_PI_USDT at 2025-02-27 23:49:47
2025-02-28 01:49:48,101 - INFO - Stored data for BITGET_SPOT_PI_USDT at 2025-02-27 23:49:47
2025-02-28 01:49:48,102 - INFO - Data processed and stored in MySQL
2025-02-28 01:49:48,206 - INFO - Received data for storage: BITGET_SPOT_PI_USDT at 2025-02-27 23:49:47
2025-02-28 01:49:48,213 - INFO - Stored data for BITGET_SPOT_PI_USDT at 2025-02-27 23:49:47
2025-02-28 01:49:48,213 - INFO - Data processed and stored in MySQL
2025-02-28 01:49:48,328 - INFO - Received data for storage: BITGET_SPOT_PI_USDT at 2025-02-27 23:49:47
2025-02-28 01:49:48,332 - INFO - Stored data for BITGET_SPOT_PI_USDT at 2025-02-27 23:49:47
2025-02-28 01:49:48,333 - INFO - Data processed and stored in MySQL
2025-02-28 01:49:48,450 - INFO - Received data for storage: BITGET_SPOT_PI_USDT at 2025-02-27 23:49:47
2025-02-28 01:49:48,467 - INFO - Stored data for BITGET_SPOT_PI_USDT at 2025-02-27 23:49:47
2025-02-28 01:49:48,467 - INFO - Data processed and stored in MySQL
2025-02-28 01:49:48,568 - INFO - Received data for storage: BITGET_SPOT_PI_USDT at 2025-02-27 23:49:48
2025-02-28 01:49:48,577 - INFO - Stored data for BITGET_SPOT_PI_USDT at 2025-02-27 23:49:48
2025-02-28 01:49:48,577 - INFO - Data processed and stored in MySQL
2025-02-28 01:49:48,702 - INFO - Received data for storage: BITGET_SPOT_PI_USDT at 2025-02-27 23:49:48
2025-02-28 01:49:48,713 - INFO - Stored data for BITGET_SPOT_PI_USDT at 2025-02-27 23:49:48
2025-02-28 01:49:48,714 - INFO - Data processed and stored in MySQL
2025-02-28 01:49:48,822 - INFO - Received data for storage: BITGET_SPOT_PI_USDT at 2025-02-27 23:49:48
2025-02-28 01:49:48,836 - INFO - Stored data for BITGET_SPOT_PI_USDT at 2025-02-27 23:49:48
2025-02-28 01:49:48,837 - INFO - Data processed and stored in MySQL
2025-02-28 01:49:48,945 - INFO - Received data for storage: BITGET_SPOT_PI_USDT at 2025-02-27 23:49:48
2025-02-28 01:49:48,950 - INFO - Stored data for BITGET_SPOT_PI_USDT at 2025-02-27 23:49:48
2025-02-28 01:49:48,950 - INFO - Data processed and stored in MySQL
2025-02-28 01:49:49,066 - INFO - Received data for storage: BITGET_SPOT_PI_USDT at 2025-02-27 23:49:48
2025-02-28 01:49:49,068 - INFO - Stored data for BITGET_SPOT_PI_USDT at 2025-02-27 23:49:48
2025-02-28 01:49:49,068 - INFO - Data processed and stored in MySQL
2025-02-28 01:49:49,185 - INFO - Received data for storage: BITGET_SPOT_PI_USDT at 2025-02-27 23:49:48
2025-02-28 01:49:49,203 - INFO - Stored data for BITGET_SPOT_PI_USDT at 2025-02-27 23:49:48
2025-02-28 01:49:49,203 - INFO - Data processed and stored in MySQL
2025-02-28 01:49:49,333 - INFO - Received data for storage: BITGET_SPOT_PI_USDT at 2025-02-27 23:49:48
2025-02-28 01:49:49,362 - INFO - Stored data for BITGET_SPOT_PI_USDT at 2025-02-27 23:49:48
2025-02-28 01:49:49,363 - INFO - Data processed and stored in MySQL
2025-02-28 01:49:49,470 - INFO - Received data for storage: BITGET_SPOT_PI_USDT at 2025-02-27 23:49:48
2025-02-28 01:49:49,476 - INFO - Stored data for BITGET_SPOT_PI_USDT at 2025-02-27 23:49:48
2025-02-28 01:49:49,477 - INFO - Data processed and stored in MySQL
2025-02-28 01:49:49,582 - INFO - Received data for storage: BITGET_SPOT_PI_USDT at 2025-02-27 23:49:48
2025-02-28 01:49:49,599 - INFO - Stored data for BITGET_SPOT_PI_USDT at 2025-02-27 23:49:48
2025-02-28 01:49:49,600 - INFO - Data processed and stored in MySQL
2025-02-28 01:49:49,752 - INFO - Received data for storage: BITGET_SPOT_PI_USDT at 2025-02-27 23:49:48
2025-02-28 01:49:49,773 - INFO - Stored data for BITGET_SPOT_PI_USDT at 2025-02-27 23:49:48
2025-02-28 01:49:49,773 - INFO - Data processed and stored in MySQL
2025-02-28 01:49:49,889 - INFO - Received data for storage: BITGET_SPOT_PI_USDT at 2025-02-27 23:49:48
2025-02-28 01:49:49,915 - INFO - Stored data for BITGET_SPOT_PI_USDT at 2025-02-27 23:49:48
2025-02-28 01:49:49,917 - INFO - Data processed and stored in MySQL
2025-02-28 01:49:50,018 - INFO - Received data for storage: BITGET_SPOT_PI_USDT at 2025-02-27 23:49:48
2025-02-28 01:49:50,024 - INFO - Stored data for BITGET_SPOT_PI_USDT at 2025-02-27 23:49:48
2025-02-28 01:49:50,024 - INFO - Data processed and stored in MySQL
2025-02-28 01:49:50,135 - INFO - Received data for storage: BITGET_SPOT_PI_USDT at 2025-02-27 23:49:48
2025-02-28 01:49:50,135 - INFO - Stored data for BITGET_SPOT_PI_USDT at 2025-02-27 23:49:48
2025-02-28 01:49:50,150 - INFO - Data processed and stored in MySQL
2025-02-28 01:49:50,264 - INFO - Received data for storage: BITGET_SPOT_PI_USDT at 2025-02-27 23:49:48
2025-02-28 01:49:50,271 - INFO - Stored data for BITGET_SPOT_PI_USDT at 2025-02-27 23:49:48
2025-02-28 01:49:50,271 - INFO - Data processed and stored in MySQL
2025-02-28 01:49:50,386 - INFO - Received data for storage: BITGET_SPOT_PI_USDT at 2025-02-27 23:49:49
2025-02-28 01:49:50,401 - INFO - Stored data for BITGET_SPOT_PI_USDT at 2025-02-27 23:49:49
2025-02-28 01:49:50,401 - INFO - Data processed and stored in MySQL
2025-02-28 01:49:50,510 - INFO - Received data for storage: BITGET_SPOT_PI_USDT at 2025-02-27 23:49:49
2025-02-28 01:49:50,518 - INFO - Stored data for BITGET_SPOT_PI_USDT at 2025-02-27 23:49:49
2025-02-28 01:49:50,519 - INFO - Data processed and stored in MySQL
2025-02-28 01:49:50,632 - INFO - Received data for storage: BITGET_SPOT_PI_USDT at 2025-02-27 23:49:49
2025-02-28 01:49:50,636 - INFO - Stored data for BITGET_SPOT_PI_USDT at 2025-02-27 23:49:49
2025-02-28 01:49:50,637 - INFO - Data processed and stored in MySQL
2025-02-28 01:49:50,772 - INFO - Received data for storage: BITGET_SPOT_PI_USDT at 2025-02-27 23:49:49
2025-02-28 01:49:50,791 - INFO - Stored data for BITGET_SPOT_PI_USDT at 2025-02-27 23:49:49
2025-02-28 01:49:50,791 - INFO - Data processed and stored in MySQL
2025-02-28 01:49:50,906 - INFO - Received data for storage: BITGET_SPOT_PI_USDT at 2025-02-27 23:49:49
2025-02-28 01:49:50,923 - INFO - Stored data for BITGET_SPOT_PI_USDT at 2025-02-27 23:49:49
2025-02-28 01:49:50,923 - INFO - Data processed and stored in MySQL
2025-02-28 01:49:51,039 - INFO - Received data for storage: BITGET_SPOT_PI_USDT at 2025-02-27 23:49:49
2025-02-28 01:49:51,039 - INFO - Stored data for BITGET_SPOT_PI_USDT at 2025-02-27 23:49:49
2025-02-28 01:49:51,039 - INFO - Data processed and stored in MySQL
2025-02-28 01:49:51,172 - INFO - Received data for storage: BITGET_SPOT_PI_USDT at 2025-02-27 23:49:49
2025-02-28 01:49:51,173 - INFO - Stored data for BITGET_SPOT_PI_USDT at 2025-02-27 23:49:49
2025-02-28 01:49:51,173 - INFO - Data processed and stored in MySQL
2025-02-28 01:49:51,288 - INFO - Received data for storage: BITGET_SPOT_PI_USDT at 2025-02-27 23:49:49
2025-02-28 01:49:51,305 - INFO - Stored data for BITGET_SPOT_PI_USDT at 2025-02-27 23:49:49
2025-02-28 01:49:51,306 - INFO - Data processed and stored in MySQL
2025-02-28 01:49:51,413 - INFO - Received data for storage: BITGET_SPOT_PI_USDT at 2025-02-27 23:49:49
2025-02-28 01:49:51,424 - INFO - Stored data for BITGET_SPOT_PI_USDT at 2025-02-27 23:49:49
2025-02-28 01:49:51,424 - INFO - Data processed and stored in MySQL
2025-02-28 01:49:51,535 - INFO - Received data for storage: BITGET_SPOT_PI_USDT at 2025-02-27 23:49:49
2025-02-28 01:49:51,547 - INFO - Stored data for BITGET_SPOT_PI_USDT at 2025-02-27 23:49:49
2025-02-28 01:49:51,547 - INFO - Data processed and stored in MySQL
2025-02-28 01:49:51,661 - INFO - Received data for storage: BITGET_SPOT_PI_USDT at 2025-02-27 23:49:50
2025-02-28 01:49:51,680 - INFO - Stored data for BITGET_SPOT_PI_USDT at 2025-02-27 23:49:50
2025-02-28 01:49:51,680 - INFO - Data processed and stored in MySQL
2025-02-28 01:49:51,796 - INFO - Received data for storage: BITGET_SPOT_PI_USDT at 2025-02-27 23:49:50
2025-02-28 01:49:51,815 - INFO - Stored data for BITGET_SPOT_PI_USDT at 2025-02-27 23:49:50
2025-02-28 01:49:51,815 - INFO - Data processed and stored in MySQL
2025-02-28 01:49:51,932 - INFO - Received data for storage: BITGET_SPOT_PI_USDT at 2025-02-27 23:49:50
2025-02-28 01:49:51,956 - INFO - Stored data for BITGET_SPOT_PI_USDT at 2025-02-27 23:49:50
2025-02-28 01:49:51,956 - INFO - Data processed and stored in MySQL
2025-02-28 01:49:52,059 - INFO - Received data for storage: BITGET_SPOT_PI_USDT at 2025-02-27 23:49:50
2025-02-28 01:49:52,059 - INFO - Stored data for BITGET_SPOT_PI_USDT at 2025-02-27 23:49:50
2025-02-28 01:49:52,059 - INFO - Data processed and stored in MySQL
2025-02-28 01:49:52,180 - INFO - Received data for storage: BITGET_SPOT_PI_USDT at 2025-02-27 23:49:50
2025-02-28 01:49:52,180 - INFO - Stored data for BITGET_SPOT_PI_USDT at 2025-02-27 23:49:50
2025-02-28 01:49:52,180 - INFO - Data processed and stored in MySQL
2025-02-28 01:49:52,303 - INFO - Received data for storage: BITGET_SPOT_PI_USDT at 2025-02-27 23:49:50
2025-02-28 01:49:52,310 - INFO - Stored data for BITGET_SPOT_PI_USDT at 2025-02-27 23:49:50
2025-02-28 01:49:52,310 - INFO - Data processed and stored in MySQL
2025-02-28 01:49:52,415 - INFO - Received data for storage: BITGET_SPOT_PI_USDT at 2025-02-27 23:49:50
2025-02-28 01:49:52,443 - INFO - Stored data for BITGET_SPOT_PI_USDT at 2025-02-27 23:49:50
2025-02-28 01:49:52,444 - INFO - Data processed and stored in MySQL
2025-02-28 01:49:52,545 - INFO - Received data for storage: BITGET_SPOT_PI_USDT at 2025-02-27 23:49:50
2025-02-28 01:49:52,559 - INFO - Stored data for BITGET_SPOT_PI_USDT at 2025-02-27 23:49:50
2025-02-28 01:49:52,559 - INFO - Data processed and stored in MySQL
2025-02-28 01:49:52,661 - INFO - Received data for storage: BITGET_SPOT_PI_USDT at 2025-02-27 23:49:50
2025-02-28 01:49:52,681 - INFO - Stored data for BITGET_SPOT_PI_USDT at 2025-02-27 23:49:50
2025-02-28 01:49:52,681 - INFO - Data processed and stored in MySQL
2025-02-28 01:49:52,785 - INFO - Received data for storage: BITGET_SPOT_PI_USDT at 2025-02-27 23:49:50
2025-02-28 01:49:52,801 - INFO - Stored data for BITGET_SPOT_PI_USDT at 2025-02-27 23:49:50
2025-02-28 01:49:52,801 - INFO - Data processed and stored in MySQL
2025-02-28 01:49:52,908 - INFO - Received data for storage: BITGET_SPOT_PI_USDT at 2025-02-27 23:49:50
2025-02-28 01:49:52,916 - INFO - Stored data for BITGET_SPOT_PI_USDT at 2025-02-27 23:49:50
2025-02-28 01:49:52,916 - INFO - Data processed and stored in MySQL
2025-02-28 01:49:53,030 - INFO - Received data for storage: BITGET_SPOT_PI_USDT at 2025-02-27 23:49:50
2025-02-28 01:49:53,040 - INFO - Stored data for BITGET_SPOT_PI_USDT at 2025-02-27 23:49:50
2025-02-28 01:49:53,041 - INFO - Data processed and stored in MySQL
2025-02-28 01:49:53,163 - INFO - Received data for storage: BITGET_SPOT_PI_USDT at 2025-02-27 23:49:50
2025-02-28 01:49:53,167 - INFO - Stored data for BITGET_SPOT_PI_USDT at 2025-02-27 23:49:50
2025-02-28 01:49:53,168 - INFO - Data processed and stored in MySQL
2025-02-28 01:49:53,285 - INFO - Received data for storage: BITGET_SPOT_PI_USDT at 2025-02-27 23:49:50
2025-02-28 01:49:53,286 - INFO - Stored data for BITGET_SPOT_PI_USDT at 2025-02-27 23:49:50
2025-02-28 01:49:53,286 - INFO - Data processed and stored in MySQL
2025-02-28 01:49:53,422 - INFO - Received data for storage: BITGET_SPOT_PI_USDT at 2025-02-27 23:49:50
2025-02-28 01:49:53,439 - INFO - Stored data for BITGET_SPOT_PI_USDT at 2025-02-27 23:49:50
2025-02-28 01:49:53,439 - INFO - Data processed and stored in MySQL
2025-02-28 01:49:53,573 - INFO - Received data for storage: BITGET_SPOT_PI_USDT at 2025-02-27 23:49:50
2025-02-28 01:49:53,589 - INFO - Stored data for BITGET_SPOT_PI_USDT at 2025-02-27 23:49:50
2025-02-28 01:49:53,590 - INFO - Data processed and stored in MySQL
2025-02-28 01:49:53,702 - INFO - Received data for storage: BITGET_SPOT_PI_USDT at 2025-02-27 23:49:50
2025-02-28 01:49:53,716 - INFO - Stored data for BITGET_SPOT_PI_USDT at 2025-02-27 23:49:50
2025-02-28 01:49:53,716 - INFO - Data processed and stored in MySQL
2025-02-28 01:49:53,844 - INFO - Received data for storage: BITGET_SPOT_PI_USDT at 2025-02-27 23:49:50
2025-02-28 01:49:53,856 - INFO - Stored data for BITGET_SPOT_PI_USDT at 2025-02-27 23:49:50
2025-02-28 01:49:53,856 - INFO - Data processed and stored in MySQL
2025-02-28 01:49:53,985 - INFO - Received data for storage: BITGET_SPOT_PI_USDT at 2025-02-27 23:49:50
2025-02-28 01:49:54,001 - INFO - Stored data for BITGET_SPOT_PI_USDT at 2025-02-27 23:49:50
2025-02-28 01:49:54,002 - INFO - Data processed and stored in MySQL
2025-02-28 01:49:54,136 - INFO - Received data for storage: BITGET_SPOT_PI_USDT at 2025-02-27 23:49:50
2025-02-28 01:49:54,173 - INFO - Stored data for BITGET_SPOT_PI_USDT at 2025-02-27 23:49:50
2025-02-28 01:49:54,174 - INFO - Data processed and stored in MySQL
2025-02-28 01:49:54,290 - INFO - Received data for storage: BITGET_SPOT_PI_USDT at 2025-02-27 23:49:50
2025-02-28 01:49:54,303 - INFO - Stored data for BITGET_SPOT_PI_USDT at 2025-02-27 23:49:50
2025-02-28 01:49:54,303 - INFO - Data processed and stored in MySQL
2025-02-28 01:49:54,414 - INFO - Received data for storage: BITGET_SPOT_PI_USDT at 2025-02-27 23:49:51
2025-02-28 01:49:54,426 - INFO - Stored data for BITGET_SPOT_PI_USDT at 2025-02-27 23:49:51
2025-02-28 01:49:54,426 - INFO - Data processed and stored in MySQL
2025-02-28 01:49:54,553 - INFO - Received data for storage: BITGET_SPOT_PI_USDT at 2025-02-27 23:49:51
2025-02-28 01:49:54,567 - INFO - Stored data for BITGET_SPOT_PI_USDT at 2025-02-27 23:49:51
2025-02-28 01:49:54,567 - INFO - Data processed and stored in MySQL
2025-02-28 01:49:54,671 - INFO - Received data for storage: BITGET_SPOT_PI_USDT at 2025-02-27 23:49:51
2025-02-28 01:49:54,690 - INFO - Stored data for BITGET_SPOT_PI_USDT at 2025-02-27 23:49:51
2025-02-28 01:49:54,691 - INFO - Data processed and stored in MySQL
2025-02-28 01:49:54,802 - INFO - Received data for storage: BITGET_SPOT_PI_USDT at 2025-02-27 23:49:51
2025-02-28 01:49:54,802 - INFO - Stored data for BITGET_SPOT_PI_USDT at 2025-02-27 23:49:51
2025-02-28 01:49:54,802 - INFO - Data processed and stored in MySQL
2025-02-28 01:49:54,928 - INFO - Received data for storage: BITGET_SPOT_PI_USDT at 2025-02-27 23:49:51
2025-02-28 01:49:54,950 - INFO - Stored data for BITGET_SPOT_PI_USDT at 2025-02-27 23:49:51
2025-02-28 01:49:54,951 - INFO - Data processed and stored in MySQL
2025-02-28 01:49:55,071 - INFO - Received data for storage: BITGET_SPOT_PI_USDT at 2025-02-27 23:49:52
2025-02-28 01:49:55,081 - INFO - Stored data for BITGET_SPOT_PI_USDT at 2025-02-27 23:49:52
2025-02-28 01:49:55,081 - INFO - Data processed and stored in MySQL
2025-02-28 01:49:55,192 - INFO - Received data for storage: BITGET_SPOT_PI_USDT at 2025-02-27 23:49:52
2025-02-28 01:49:55,213 - INFO - Stored data for BITGET_SPOT_PI_USDT at 2025-02-27 23:49:52
2025-02-28 01:49:55,214 - INFO - Data processed and stored in MySQL
2025-02-28 01:49:55,329 - INFO - Received data for storage: BITGET_SPOT_PI_USDT at 2025-02-27 23:49:52
2025-02-28 01:49:55,339 - INFO - Stored data for BITGET_SPOT_PI_USDT at 2025-02-27 23:49:52
2025-02-28 01:49:55,339 - INFO - Data processed and stored in MySQL
2025-02-28 01:49:55,461 - INFO - Received data for storage: BITGET_SPOT_PI_USDT at 2025-02-27 23:49:52
2025-02-28 01:49:55,481 - INFO - Stored data for BITGET_SPOT_PI_USDT at 2025-02-27 23:49:52
2025-02-28 01:49:55,482 - INFO - Data processed and stored in MySQL
2025-02-28 01:49:55,589 - INFO - Received data for storage: BITGET_SPOT_PI_USDT at 2025-02-27 23:49:52
2025-02-28 01:49:55,606 - INFO - Stored data for BITGET_SPOT_PI_USDT at 2025-02-27 23:49:52
2025-02-28 01:49:55,606 - INFO - Data processed and stored in MySQL
2025-02-28 01:49:55,730 - INFO - Received data for storage: BITGET_SPOT_PI_USDT at 2025-02-27 23:49:52
2025-02-28 01:49:55,741 - INFO - Stored data for BITGET_SPOT_PI_USDT at 2025-02-27 23:49:52
2025-02-28 01:49:55,741 - INFO - Data processed and stored in MySQL
2025-02-28 01:49:55,877 - INFO - Received data for storage: BITGET_SPOT_PI_USDT at 2025-02-27 23:49:52
2025-02-28 01:49:55,896 - INFO - Stored data for BITGET_SPOT_PI_USDT at 2025-02-27 23:49:52
2025-02-28 01:49:55,897 - INFO - Data processed and stored in MySQL
2025-02-28 01:49:56,009 - INFO - Received data for storage: BITGET_SPOT_PI_USDT at 2025-02-27 23:49:53
2025-02-28 01:49:56,009 - INFO - Stored data for BITGET_SPOT_PI_USDT at 2025-02-27 23:49:53
2025-02-28 01:49:56,009 - INFO - Data processed and stored in MySQL
2025-02-28 01:49:56,133 - INFO - Received data for storage: BITGET_SPOT_PI_USDT at 2025-02-27 23:49:53
2025-02-28 01:49:56,142 - INFO - Stored data for BITGET_SPOT_PI_USDT at 2025-02-27 23:49:53
2025-02-28 01:49:56,143 - INFO - Data processed and stored in MySQL
2025-02-28 01:49:56,263 - INFO - Received data for storage: BITGET_SPOT_PI_USDT at 2025-02-27 23:49:53
2025-02-28 01:49:56,267 - INFO - Stored data for BITGET_SPOT_PI_USDT at 2025-02-27 23:49:53
2025-02-28 01:49:56,267 - INFO - Data processed and stored in MySQL
2025-02-28 01:49:56,375 - INFO - Received data for storage: BITGET_SPOT_PI_USDT at 2025-02-27 23:49:53
2025-02-28 01:49:56,375 - INFO - Stored data for BITGET_SPOT_PI_USDT at 2025-02-27 23:49:53
2025-02-28 01:49:56,375 - INFO - Data processed and stored in MySQL
2025-02-28 01:49:56,510 - INFO - Received data for storage: BITGET_SPOT_PI_USDT at 2025-02-27 23:49:53
2025-02-28 01:49:56,529 - INFO - Stored data for BITGET_SPOT_PI_USDT at 2025-02-27 23:49:53
2025-02-28 01:49:56,529 - INFO - Data processed and stored in MySQL
2025-02-28 01:49:56,643 - INFO - Received data for storage: BITGET_SPOT_PI_USDT at 2025-02-27 23:49:53
2025-02-28 01:49:56,648 - INFO - Stored data for BITGET_SPOT_PI_USDT at 2025-02-27 23:49:53
2025-02-28 01:49:56,648 - INFO - Data processed and stored in MySQL
2025-02-28 01:49:56,764 - INFO - Received data for storage: BITGET_SPOT_PI_USDT at 2025-02-27 23:49:53
2025-02-28 01:49:56,774 - INFO - Stored data for BITGET_SPOT_PI_USDT at 2025-02-27 23:49:53
2025-02-28 01:49:56,776 - INFO - Data processed and stored in MySQL
