2025-02-28 01:35:46,230 - INFO - Starting trade processing...
2025-02-28 01:35:47,453 - INFO - Trade received: BITGET_SPOT_PI_USDT at 2.7202
2025-02-28 01:35:47,654 - INFO - Trade received: BITGET_SPOT_PI_USDT at 2.7202
2025-02-28 01:35:48,458 - INFO - Trade received: BITGET_SPOT_PI_USDT at 2.7204
2025-02-28 01:35:48,564 - INFO - Trade received: BITGET_SPOT_PI_USDT at 2.7206
2025-02-28 01:35:48,666 - INFO - Trade received: BITGET_SPOT_PI_USDT at 2.7208
2025-02-28 01:35:48,869 - INFO - Trade received: BITGET_SPOT_PI_USDT at 2.7204
2025-02-28 01:35:49,171 - INFO - Trade received: BITGET_SPOT_PI_USDT at 2.7202
2025-02-28 01:35:49,378 - INFO - Trade received: BITGET_SPOT_PI_USDT at 2.7204
2025-02-28 01:35:49,580 - INFO - Trade received: BITGET_SPOT_PI_USDT at 2.7204
2025-02-28 01:35:49,681 - INFO - Trade received: BITGET_SPOT_PI_USDT at 2.7204
2025-02-28 01:35:49,783 - INFO - Trade received: BITGET_SPOT_PI_USDT at 2.7205
2025-02-28 01:35:49,985 - INFO - Trade received: BITGET_SPOT_PI_USDT at 2.7206
2025-02-28 01:35:50,087 - INFO - Trade received: BITGET_SPOT_PI_USDT at 2.7207
2025-02-28 01:35:50,190 - INFO - Trade received: BITGET_SPOT_PI_USDT at 2.7208
2025-02-28 01:35:50,593 - INFO - Trade received: BITGET_SPOT_PI_USDT at 2.7207
2025-02-28 01:35:50,695 - INFO - Trade received: BITGET_SPOT_PI_USDT at 2.7204
2025-02-28 01:35:50,797 - INFO - Trade received: BITGET_SPOT_PI_USDT at 2.7201
2025-02-28 01:35:50,898 - INFO - Trade received: BITGET_SPOT_PI_USDT at 2.7203
2025-02-28 01:35:51,100 - INFO - Trade received: BITGET_SPOT_PI_USDT at 2.7202
2025-02-28 01:35:51,202 - INFO - Trade received: BITGET_SPOT_PI_USDT at 2.7209
2025-02-28 01:35:51,303 - INFO - Trade received: BITGET_SPOT_PI_USDT at 2.7208
2025-02-28 01:35:51,509 - INFO - Trade received: BITGET_SPOT_PI_USDT at 2.7203
2025-02-28 01:35:51,713 - INFO - Trade received: BITGET_SPOT_PI_USDT at 2.7204
2025-02-28 01:35:51,919 - INFO - Trade received: BITGET_SPOT_PI_USDT at 2.7204
2025-02-28 01:35:52,126 - INFO - Trade received: BITGET_SPOT_PI_USDT at 2.7207
2025-02-28 01:35:52,628 - INFO - Trade received: BITGET_SPOT_PI_USDT at 2.7209
2025-02-28 01:35:52,729 - INFO - Trade received: BITGET_SPOT_PI_USDT at 2.7200
2025-02-28 01:35:52,832 - INFO - Trade received: BITGET_SPOT_PI_USDT at 2.7207
2025-02-28 01:35:53,235 - INFO - Trade received: BITGET_SPOT_PI_USDT at 2.7206
2025-02-28 01:35:53,638 - INFO - Trade received: BITGET_SPOT_PI_USDT at 2.7207
2025-02-28 01:35:53,723 - INFO - Indicators calculated - Processing took 0.084s
2025-02-28 01:35:53,723 - INFO - Data queued to mysql_queue for MySQL storage
2025-02-28 01:35:53,828 - INFO - Trade received: BITGET_SPOT_PI_USDT at 2.7204
2025-02-28 01:35:53,832 - INFO - Indicators calculated - Processing took 0.004s
2025-02-28 01:35:53,832 - INFO - Data queued to mysql_queue for MySQL storage
2025-02-28 01:35:53,951 - INFO - Trade received: BITGET_SPOT_PI_USDT at 2.7200
2025-02-28 01:35:53,970 - INFO - Indicators calculated - Processing took 0.018s
2025-02-28 01:35:53,972 - INFO - Data queued to mysql_queue for MySQL storage
2025-02-28 01:35:54,078 - INFO - Trade received: BITGET_SPOT_PI_USDT at 2.7209
2025-02-28 01:35:54,095 - INFO - Indicators calculated - Processing took 0.017s
2025-02-28 01:35:54,095 - INFO - Data queued to mysql_queue for MySQL storage
2025-02-28 01:35:54,201 - INFO - Indicators calculated - Processing took 0.003s
2025-02-28 01:35:54,201 - INFO - Data queued to mysql_queue for MySQL storage
2025-02-28 01:35:54,319 - INFO - Trade received: BITGET_SPOT_PI_USDT at 2.7200
2025-02-28 01:35:54,319 - INFO - Indicators calculated - Processing took 0.000s
2025-02-28 01:35:54,335 - INFO - Data queued to mysql_queue for MySQL storage
2025-02-28 01:35:54,440 - INFO - Trade received: BITGET_SPOT_PI_USDT at 2.7203
2025-02-28 01:35:54,457 - INFO - Indicators calculated - Processing took 0.016s
2025-02-28 01:35:54,458 - INFO - Data queued to mysql_queue for MySQL storage
2025-02-28 01:35:54,561 - INFO - Indicators calculated - Processing took 0.000s
2025-02-28 01:35:54,577 - INFO - Data queued to mysql_queue for MySQL storage
2025-02-28 01:35:54,704 - INFO - Indicators calculated - Processing took 0.022s
2025-02-28 01:35:54,704 - INFO - Data queued to mysql_queue for MySQL storage
2025-02-28 01:35:54,823 - INFO - Indicators calculated - Processing took 0.016s
2025-02-28 01:35:54,823 - INFO - Data queued to mysql_queue for MySQL storage
2025-02-28 01:35:54,949 - INFO - Indicators calculated - Processing took 0.015s
2025-02-28 01:35:54,950 - INFO - Data queued to mysql_queue for MySQL storage
2025-02-28 01:35:55,054 - INFO - Trade received: BITGET_SPOT_PI_USDT at 2.7207
2025-02-28 01:35:55,070 - INFO - Indicators calculated - Processing took 0.015s
2025-02-28 01:35:55,070 - INFO - Data queued to mysql_queue for MySQL storage
2025-02-28 01:35:55,188 - INFO - Indicators calculated - Processing took 0.013s
2025-02-28 01:35:55,188 - INFO - Data queued to mysql_queue for MySQL storage
2025-02-28 01:35:55,294 - INFO - Trade received: BITGET_SPOT_PI_USDT at 2.7206
2025-02-28 01:35:55,316 - INFO - Indicators calculated - Processing took 0.021s
2025-02-28 01:35:55,316 - INFO - Data queued to mysql_queue for MySQL storage
2025-02-28 01:35:55,420 - INFO - Trade received: BITGET_SPOT_PI_USDT at 2.7201
2025-02-28 01:35:55,445 - INFO - Indicators calculated - Processing took 0.024s
2025-02-28 01:35:55,446 - INFO - Data queued to mysql_queue for MySQL storage
2025-02-28 01:35:55,554 - INFO - Trade received: BITGET_SPOT_PI_USDT at 2.7205
2025-02-28 01:35:55,592 - INFO - Indicators calculated - Processing took 0.037s
2025-02-28 01:35:55,592 - INFO - Data queued to mysql_queue for MySQL storage
2025-02-28 01:35:55,697 - INFO - Trade received: BITGET_SPOT_PI_USDT at 2.7206
2025-02-28 01:35:55,718 - INFO - Indicators calculated - Processing took 0.021s
2025-02-28 01:35:55,719 - INFO - Data queued to mysql_queue for MySQL storage
2025-02-28 01:35:55,824 - INFO - Trade received: BITGET_SPOT_PI_USDT at 2.7204
2025-02-28 01:35:55,839 - INFO - Indicators calculated - Processing took 0.015s
2025-02-28 01:35:55,840 - INFO - Data queued to mysql_queue for MySQL storage
2025-02-28 01:35:55,944 - INFO - Trade received: BITGET_SPOT_PI_USDT at 2.7201
2025-02-28 01:35:55,960 - INFO - Indicators calculated - Processing took 0.016s
2025-02-28 01:35:55,962 - INFO - Data queued to mysql_queue for MySQL storage
2025-02-28 01:35:56,065 - INFO - Trade received: BITGET_SPOT_PI_USDT at 2.7201
2025-02-28 01:35:56,081 - INFO - Indicators calculated - Processing took 0.016s
2025-02-28 01:35:56,082 - INFO - Data queued to mysql_queue for MySQL storage
2025-02-28 01:35:56,202 - INFO - Indicators calculated - Processing took 0.016s
2025-02-28 01:35:56,202 - INFO - Data queued to mysql_queue for MySQL storage
2025-02-28 01:35:56,322 - INFO - Trade received: BITGET_SPOT_PI_USDT at 2.7201
2025-02-28 01:35:56,358 - INFO - Indicators calculated - Processing took 0.016s
2025-02-28 01:35:56,358 - INFO - Data queued to mysql_queue for MySQL storage
2025-02-28 01:35:56,493 - INFO - Indicators calculated - Processing took 0.031s
2025-02-28 01:35:56,493 - INFO - Data queued to mysql_queue for MySQL storage
2025-02-28 01:35:56,599 - INFO - Trade received: BITGET_SPOT_PI_USDT at 2.7201
2025-02-28 01:35:56,634 - INFO - Indicators calculated - Processing took 0.035s
2025-02-28 01:35:56,634 - INFO - Data queued to mysql_queue for MySQL storage
2025-02-28 01:35:56,740 - INFO - Trade received: BITGET_SPOT_PI_USDT at 2.7200
2025-02-28 01:35:56,774 - INFO - Indicators calculated - Processing took 0.033s
2025-02-28 01:35:56,775 - INFO - Data queued to mysql_queue for MySQL storage
2025-02-28 01:35:56,885 - INFO - Trade received: BITGET_SPOT_PI_USDT at 2.7194
2025-02-28 01:35:56,901 - INFO - Indicators calculated - Processing took 0.015s
2025-02-28 01:35:56,901 - INFO - Data queued to mysql_queue for MySQL storage
2025-02-28 01:35:57,005 - INFO - Trade received: BITGET_SPOT_PI_USDT at 2.7194
2025-02-28 01:35:57,043 - INFO - Indicators calculated - Processing took 0.036s
2025-02-28 01:35:57,047 - INFO - Data queued to mysql_queue for MySQL storage
2025-02-28 01:35:57,160 - INFO - Trade received: BITGET_SPOT_PI_USDT at 2.7176
2025-02-28 01:35:57,175 - INFO - Indicators calculated - Processing took 0.015s
2025-02-28 01:35:57,175 - INFO - Data queued to mysql_queue for MySQL storage
2025-02-28 01:35:57,297 - INFO - Indicators calculated - Processing took 0.016s
2025-02-28 01:35:57,297 - INFO - Data queued to mysql_queue for MySQL storage
2025-02-28 01:35:57,413 - INFO - Trade received: BITGET_SPOT_PI_USDT at 2.7185
2025-02-28 01:35:57,446 - INFO - Indicators calculated - Processing took 0.031s
2025-02-28 01:35:57,448 - INFO - Data queued to mysql_queue for MySQL storage
2025-02-28 01:35:57,552 - INFO - Trade received: BITGET_SPOT_PI_USDT at 2.7179
2025-02-28 01:35:57,569 - INFO - Indicators calculated - Processing took 0.016s
2025-02-28 01:35:57,569 - INFO - Data queued to mysql_queue for MySQL storage
2025-02-28 01:35:57,673 - INFO - Trade received: BITGET_SPOT_PI_USDT at 2.7180
2025-02-28 01:35:57,711 - INFO - Indicators calculated - Processing took 0.039s
2025-02-28 01:35:57,712 - INFO - Data queued to mysql_queue for MySQL storage
2025-02-28 01:35:57,815 - INFO - Trade received: BITGET_SPOT_PI_USDT at 2.7179
2025-02-28 01:35:57,860 - INFO - Indicators calculated - Processing took 0.044s
2025-02-28 01:35:57,861 - INFO - Data queued to mysql_queue for MySQL storage
2025-02-28 01:35:57,966 - INFO - Trade received: BITGET_SPOT_PI_USDT at 2.7181
2025-02-28 01:35:58,007 - INFO - Indicators calculated - Processing took 0.039s
2025-02-28 01:35:58,009 - INFO - Data queued to mysql_queue for MySQL storage
2025-02-28 01:35:58,113 - INFO - Trade received: BITGET_SPOT_PI_USDT at 2.7177
2025-02-28 01:35:58,121 - INFO - Indicators calculated - Processing took 0.008s
2025-02-28 01:35:58,121 - INFO - Data queued to mysql_queue for MySQL storage
2025-02-28 01:35:58,235 - INFO - Trade received: BITGET_SPOT_PI_USDT at 2.7173
2025-02-28 01:35:58,263 - INFO - Indicators calculated - Processing took 0.026s
2025-02-28 01:35:58,264 - INFO - Data queued to mysql_queue for MySQL storage
2025-02-28 01:35:58,391 - INFO - Indicators calculated - Processing took 0.022s
2025-02-28 01:35:58,391 - INFO - Data queued to mysql_queue for MySQL storage
2025-02-28 01:35:58,503 - INFO - Trade received: BITGET_SPOT_PI_USDT at 2.7183
2025-02-28 01:35:58,527 - INFO - Indicators calculated - Processing took 0.024s
2025-02-28 01:35:58,527 - INFO - Data queued to mysql_queue for MySQL storage
2025-02-28 01:35:58,634 - INFO - Trade received: BITGET_SPOT_PI_USDT at 2.7184
2025-02-28 01:35:58,650 - INFO - Indicators calculated - Processing took 0.016s
2025-02-28 01:35:58,652 - INFO - Data queued to mysql_queue for MySQL storage
2025-02-28 01:35:58,761 - INFO - Trade received: BITGET_SPOT_PI_USDT at 2.7173
2025-02-28 01:35:58,786 - INFO - Indicators calculated - Processing took 0.025s
2025-02-28 01:35:58,786 - INFO - Data queued to mysql_queue for MySQL storage
2025-02-28 01:35:58,894 - INFO - Trade received: BITGET_SPOT_PI_USDT at 2.7177
2025-02-28 01:35:58,917 - INFO - Indicators calculated - Processing took 0.022s
2025-02-28 01:35:58,917 - INFO - Data queued to mysql_queue for MySQL storage
2025-02-28 01:35:59,023 - INFO - Trade received: BITGET_SPOT_PI_USDT at 2.7184
2025-02-28 01:35:59,046 - INFO - Indicators calculated - Processing took 0.023s
2025-02-28 01:35:59,046 - INFO - Data queued to mysql_queue for MySQL storage
2025-02-28 01:35:59,159 - INFO - Trade received: BITGET_SPOT_PI_USDT at 2.7182
2025-02-28 01:35:59,184 - INFO - Indicators calculated - Processing took 0.023s
2025-02-28 01:35:59,185 - INFO - Data queued to mysql_queue for MySQL storage
2025-02-28 01:35:59,289 - INFO - Trade received: BITGET_SPOT_PI_USDT at 2.7185
2025-02-28 01:35:59,311 - INFO - Indicators calculated - Processing took 0.020s
2025-02-28 01:35:59,311 - INFO - Data queued to mysql_queue for MySQL storage
2025-02-28 01:35:59,416 - INFO - Trade received: BITGET_SPOT_PI_USDT at 2.7186
2025-02-28 01:35:59,437 - INFO - Indicators calculated - Processing took 0.021s
2025-02-28 01:35:59,437 - INFO - Data queued to mysql_queue for MySQL storage
2025-02-28 01:35:59,543 - INFO - Trade received: BITGET_SPOT_PI_USDT at 2.7177
2025-02-28 01:35:59,559 - INFO - Indicators calculated - Processing took 0.015s
2025-02-28 01:35:59,560 - INFO - Data queued to mysql_queue for MySQL storage
2025-02-28 01:35:59,664 - INFO - Trade received: BITGET_SPOT_PI_USDT at 2.7177
2025-02-28 01:35:59,674 - INFO - Indicators calculated - Processing took 0.010s
2025-02-28 01:35:59,674 - INFO - Data queued to mysql_queue for MySQL storage
2025-02-28 01:35:59,793 - INFO - Trade received: BITGET_SPOT_PI_USDT at 2.7180
2025-02-28 01:35:59,813 - INFO - Indicators calculated - Processing took 0.018s
2025-02-28 01:35:59,813 - INFO - Data queued to mysql_queue for MySQL storage
2025-02-28 01:35:59,916 - INFO - Trade received: BITGET_SPOT_PI_USDT at 2.7181
2025-02-28 01:35:59,943 - INFO - Indicators calculated - Processing took 0.025s
2025-02-28 01:35:59,944 - INFO - Data queued to mysql_queue for MySQL storage
2025-02-28 01:36:00,058 - INFO - Indicators calculated - Processing took 0.008s
2025-02-28 01:36:00,058 - INFO - Data queued to mysql_queue for MySQL storage
2025-02-28 01:36:00,169 - INFO - Trade received: BITGET_SPOT_PI_USDT at 2.7186
2025-02-28 01:36:00,176 - INFO - Indicators calculated - Processing took 0.007s
2025-02-28 01:36:00,176 - INFO - Data queued to mysql_queue for MySQL storage
2025-02-28 01:36:00,290 - INFO - Trade received: BITGET_SPOT_PI_USDT at 2.7175
2025-02-28 01:36:00,332 - INFO - Indicators calculated - Processing took 0.039s
2025-02-28 01:36:00,333 - INFO - Data queued to mysql_queue for MySQL storage
2025-02-28 01:36:00,438 - INFO - Trade received: BITGET_SPOT_PI_USDT at 2.7183
2025-02-28 01:36:00,478 - INFO - Indicators calculated - Processing took 0.039s
2025-02-28 01:36:00,478 - INFO - Data queued to mysql_queue for MySQL storage
2025-02-28 01:36:00,590 - INFO - Trade received: BITGET_SPOT_PI_USDT at 2.7183
2025-02-28 01:36:00,622 - INFO - Indicators calculated - Processing took 0.032s
2025-02-28 01:36:00,624 - INFO - Data queued to mysql_queue for MySQL storage
2025-02-28 01:36:00,730 - INFO - Trade received: BITGET_SPOT_PI_USDT at 2.7178
2025-02-28 01:36:00,747 - INFO - Indicators calculated - Processing took 0.017s
2025-02-28 01:36:00,748 - INFO - Data queued to mysql_queue for MySQL storage
2025-02-28 01:36:00,851 - INFO - Trade received: BITGET_SPOT_PI_USDT at 2.7184
2025-02-28 01:36:00,867 - INFO - Indicators calculated - Processing took 0.016s
2025-02-28 01:36:00,868 - INFO - Data queued to mysql_queue for MySQL storage
2025-02-28 01:36:00,971 - INFO - Trade received: BITGET_SPOT_PI_USDT at 2.7178
2025-02-28 01:36:01,028 - INFO - Indicators calculated - Processing took 0.057s
2025-02-28 01:36:01,030 - INFO - Data queued to mysql_queue for MySQL storage
2025-02-28 01:36:01,141 - INFO - Trade received: BITGET_SPOT_PI_USDT at 2.7178
2025-02-28 01:36:01,149 - INFO - Indicators calculated - Processing took 0.008s
2025-02-28 01:36:01,149 - INFO - Data queued to mysql_queue for MySQL storage
2025-02-28 01:36:01,261 - INFO - Trade received: BITGET_SPOT_PI_USDT at 2.7178
2025-02-28 01:36:01,278 - INFO - Indicators calculated - Processing took 0.016s
2025-02-28 01:36:01,278 - INFO - Data queued to mysql_queue for MySQL storage
2025-02-28 01:36:01,382 - INFO - Trade received: BITGET_SPOT_PI_USDT at 2.7184
2025-02-28 01:36:01,405 - INFO - Indicators calculated - Processing took 0.023s
2025-02-28 01:36:01,405 - INFO - Data queued to mysql_queue for MySQL storage
2025-02-28 01:36:01,515 - INFO - Trade received: BITGET_SPOT_PI_USDT at 2.7170
2025-02-28 01:36:01,532 - INFO - Indicators calculated - Processing took 0.017s
2025-02-28 01:36:01,534 - INFO - Data queued to mysql_queue for MySQL storage
2025-02-28 01:36:01,638 - INFO - Trade received: BITGET_SPOT_PI_USDT at 2.7178
2025-02-28 01:36:01,647 - INFO - Indicators calculated - Processing took 0.009s
2025-02-28 01:36:01,647 - INFO - Data queued to mysql_queue for MySQL storage
2025-02-28 01:49:32,922 - INFO - Starting trade processing...
2025-02-28 01:49:33,628 - INFO - Trade received: BITGET_SPOT_PI_USDT at 2.7313
2025-02-28 01:49:34,232 - INFO - Trade received: BITGET_SPOT_PI_USDT at 2.7315
2025-02-28 01:49:34,434 - INFO - Trade received: BITGET_SPOT_PI_USDT at 2.7317
2025-02-28 01:49:34,737 - INFO - Trade received: BITGET_SPOT_PI_USDT at 2.7318
2025-02-28 01:49:35,142 - INFO - Trade received: BITGET_SPOT_PI_USDT at 2.7322
2025-02-28 01:49:35,243 - INFO - Trade received: BITGET_SPOT_PI_USDT at 2.7321
2025-02-28 01:49:35,345 - INFO - Trade received: BITGET_SPOT_PI_USDT at 2.7320
2025-02-28 01:49:35,747 - INFO - Trade received: BITGET_SPOT_PI_USDT at 2.7317
2025-02-28 01:49:36,050 - INFO - Trade received: BITGET_SPOT_PI_USDT at 2.7316
2025-02-28 01:49:36,452 - INFO - Trade received: BITGET_SPOT_PI_USDT at 2.7324
2025-02-28 01:49:36,554 - INFO - Trade received: BITGET_SPOT_PI_USDT at 2.7319
2025-02-28 01:49:36,956 - INFO - Trade received: BITGET_SPOT_PI_USDT at 2.7318
2025-02-28 01:49:37,158 - INFO - Trade received: BITGET_SPOT_PI_USDT at 2.7319
2025-02-28 01:49:37,661 - INFO - Trade received: BITGET_SPOT_PI_USDT at 2.7320
2025-02-28 01:49:38,163 - INFO - Trade received: BITGET_SPOT_PI_USDT at 2.7323
2025-02-28 01:49:38,666 - INFO - Trade received: BITGET_SPOT_PI_USDT at 2.7317
2025-02-28 01:49:38,867 - INFO - Trade received: BITGET_SPOT_PI_USDT at 2.7328
2025-02-28 01:49:39,069 - INFO - Trade received: BITGET_SPOT_PI_USDT at 2.7318
2025-02-28 01:49:39,170 - INFO - Trade received: BITGET_SPOT_PI_USDT at 2.7324
2025-02-28 01:49:39,372 - INFO - Trade received: BITGET_SPOT_PI_USDT at 2.7323
2025-02-28 01:49:39,575 - INFO - Trade received: BITGET_SPOT_PI_USDT at 2.7321
2025-02-28 01:49:39,877 - INFO - Trade received: BITGET_SPOT_PI_USDT at 2.7314
2025-02-28 01:49:39,979 - INFO - Trade received: BITGET_SPOT_PI_USDT at 2.7316
2025-02-28 01:49:40,080 - INFO - Trade received: BITGET_SPOT_PI_USDT at 2.7320
2025-02-28 01:49:40,182 - INFO - Trade received: BITGET_SPOT_PI_USDT at 2.7314
2025-02-28 01:49:40,284 - INFO - Trade received: BITGET_SPOT_PI_USDT at 2.7321
2025-02-28 01:49:40,586 - INFO - Trade received: BITGET_SPOT_PI_USDT at 2.7324
2025-02-28 01:49:40,888 - INFO - Trade received: BITGET_SPOT_PI_USDT at 2.7323
2025-02-28 01:49:41,089 - INFO - Trade received: BITGET_SPOT_PI_USDT at 2.7324
2025-02-28 01:49:41,291 - INFO - Trade received: BITGET_SPOT_PI_USDT at 2.7320
2025-02-28 01:49:41,314 - INFO - Indicators calculated - Processing took 0.014s
2025-02-28 01:49:41,314 - INFO - Data queued to mysql_queue for MySQL storage
2025-02-28 01:49:41,432 - INFO - Indicators calculated - Processing took 0.013s
2025-02-28 01:49:41,432 - INFO - Data queued to mysql_queue for MySQL storage
2025-02-28 01:49:41,555 - INFO - Indicators calculated - Processing took 0.015s
2025-02-28 01:49:41,556 - INFO - Data queued to mysql_queue for MySQL storage
2025-02-28 01:49:41,675 - INFO - Indicators calculated - Processing took 0.016s
2025-02-28 01:49:41,675 - INFO - Data queued to mysql_queue for MySQL storage
2025-02-28 01:49:41,779 - INFO - Trade received: BITGET_SPOT_PI_USDT at 2.7323
2025-02-28 01:49:41,783 - INFO - Indicators calculated - Processing took 0.004s
2025-02-28 01:49:41,783 - INFO - Data queued to mysql_queue for MySQL storage
2025-02-28 01:49:41,901 - INFO - Indicators calculated - Processing took 0.002s
2025-02-28 01:49:41,901 - INFO - Data queued to mysql_queue for MySQL storage
2025-02-28 01:49:42,049 - INFO - Indicators calculated - Processing took 0.031s
2025-02-28 01:49:42,049 - INFO - Data queued to mysql_queue for MySQL storage
2025-02-28 01:49:42,156 - INFO - Trade received: BITGET_SPOT_PI_USDT at 2.7323
2025-02-28 01:49:42,173 - INFO - Indicators calculated - Processing took 0.016s
2025-02-28 01:49:42,174 - INFO - Data queued to mysql_queue for MySQL storage
2025-02-28 01:49:42,292 - INFO - Indicators calculated - Processing took 0.015s
2025-02-28 01:49:42,293 - INFO - Data queued to mysql_queue for MySQL storage
2025-02-28 01:49:42,403 - INFO - Indicators calculated - Processing took 0.007s
2025-02-28 01:49:42,403 - INFO - Data queued to mysql_queue for MySQL storage
2025-02-28 01:49:42,535 - INFO - Indicators calculated - Processing took 0.021s
2025-02-28 01:49:42,535 - INFO - Data queued to mysql_queue for MySQL storage
2025-02-28 01:49:42,679 - INFO - Indicators calculated - Processing took 0.031s
2025-02-28 01:49:42,679 - INFO - Data queued to mysql_queue for MySQL storage
2025-02-28 01:49:42,789 - INFO - Trade received: BITGET_SPOT_PI_USDT at 2.7319
2025-02-28 01:49:42,805 - INFO - Indicators calculated - Processing took 0.014s
2025-02-28 01:49:42,806 - INFO - Data queued to mysql_queue for MySQL storage
2025-02-28 01:49:42,909 - INFO - Trade received: BITGET_SPOT_PI_USDT at 2.7322
2025-02-28 01:49:42,926 - INFO - Indicators calculated - Processing took 0.017s
2025-02-28 01:49:42,926 - INFO - Data queued to mysql_queue for MySQL storage
2025-02-28 01:49:43,054 - INFO - Indicators calculated - Processing took 0.016s
2025-02-28 01:49:43,054 - INFO - Data queued to mysql_queue for MySQL storage
2025-02-28 01:49:43,188 - INFO - Indicators calculated - Processing took 0.016s
2025-02-28 01:49:43,189 - INFO - Data queued to mysql_queue for MySQL storage
2025-02-28 01:49:43,294 - INFO - Trade received: BITGET_SPOT_PI_USDT at 2.7319
2025-02-28 01:49:43,310 - INFO - Indicators calculated - Processing took 0.016s
2025-02-28 01:49:43,311 - INFO - Data queued to mysql_queue for MySQL storage
2025-02-28 01:49:43,430 - INFO - Indicators calculated - Processing took 0.016s
2025-02-28 01:49:43,430 - INFO - Data queued to mysql_queue for MySQL storage
2025-02-28 01:49:43,543 - INFO - Indicators calculated - Processing took 0.008s
2025-02-28 01:49:43,543 - INFO - Data queued to mysql_queue for MySQL storage
2025-02-28 01:49:43,672 - INFO - Indicators calculated - Processing took 0.015s
2025-02-28 01:49:43,672 - INFO - Data queued to mysql_queue for MySQL storage
2025-02-28 01:49:43,776 - INFO - Trade received: BITGET_SPOT_PI_USDT at 2.7319
2025-02-28 01:49:43,798 - INFO - Indicators calculated - Processing took 0.020s
2025-02-28 01:49:43,798 - INFO - Data queued to mysql_queue for MySQL storage
2025-02-28 01:49:43,901 - INFO - Trade received: BITGET_SPOT_PI_USDT at 2.7319
2025-02-28 01:49:43,917 - INFO - Indicators calculated - Processing took 0.016s
2025-02-28 01:49:43,918 - INFO - Data queued to mysql_queue for MySQL storage
2025-02-28 01:49:44,026 - INFO - Indicators calculated - Processing took 0.004s
2025-02-28 01:49:44,026 - INFO - Data queued to mysql_queue for MySQL storage
2025-02-28 01:49:44,141 - INFO - Trade received: BITGET_SPOT_PI_USDT at 2.7320
2025-02-28 01:49:44,148 - INFO - Indicators calculated - Processing took 0.007s
2025-02-28 01:49:44,159 - INFO - Data queued to mysql_queue for MySQL storage
2025-02-28 01:49:44,263 - INFO - Trade received: BITGET_SPOT_PI_USDT at 2.7319
2025-02-28 01:49:44,280 - INFO - Indicators calculated - Processing took 0.017s
2025-02-28 01:49:44,280 - INFO - Data queued to mysql_queue for MySQL storage
2025-02-28 01:49:44,385 - INFO - Trade received: BITGET_SPOT_PI_USDT at 2.7319
2025-02-28 01:49:44,394 - INFO - Indicators calculated - Processing took 0.009s
2025-02-28 01:49:44,394 - INFO - Data queued to mysql_queue for MySQL storage
2025-02-28 01:49:44,507 - INFO - Trade received: BITGET_SPOT_PI_USDT at 2.7319
2025-02-28 01:49:44,544 - INFO - Indicators calculated - Processing took 0.036s
2025-02-28 01:49:44,548 - INFO - Data queued to mysql_queue for MySQL storage
2025-02-28 01:49:44,665 - INFO - Trade received: BITGET_SPOT_PI_USDT at 2.7319
2025-02-28 01:49:44,683 - INFO - Indicators calculated - Processing took 0.017s
2025-02-28 01:49:44,683 - INFO - Data queued to mysql_queue for MySQL storage
2025-02-28 01:49:44,803 - INFO - Indicators calculated - Processing took 0.015s
2025-02-28 01:49:44,804 - INFO - Data queued to mysql_queue for MySQL storage
2025-02-28 01:49:44,907 - INFO - Trade received: BITGET_SPOT_PI_USDT at 2.7320
2025-02-28 01:49:44,924 - INFO - Indicators calculated - Processing took 0.016s
2025-02-28 01:49:44,925 - INFO - Data queued to mysql_queue for MySQL storage
2025-02-28 01:49:45,029 - INFO - Trade received: BITGET_SPOT_PI_USDT at 2.7319
2025-02-28 01:49:45,035 - INFO - Indicators calculated - Processing took 0.007s
2025-02-28 01:49:45,035 - INFO - Data queued to mysql_queue for MySQL storage
2025-02-28 01:49:45,150 - INFO - Trade received: BITGET_SPOT_PI_USDT at 2.7319
2025-02-28 01:49:45,169 - INFO - Indicators calculated - Processing took 0.018s
2025-02-28 01:49:45,169 - INFO - Data queued to mysql_queue for MySQL storage
2025-02-28 01:49:45,282 - INFO - Trade received: BITGET_SPOT_PI_USDT at 2.7320
2025-02-28 01:49:45,304 - INFO - Indicators calculated - Processing took 0.021s
2025-02-28 01:49:45,304 - INFO - Data queued to mysql_queue for MySQL storage
2025-02-28 01:49:45,417 - INFO - Trade received: BITGET_SPOT_PI_USDT at 2.7319
2025-02-28 01:49:45,434 - INFO - Indicators calculated - Processing took 0.016s
2025-02-28 01:49:45,434 - INFO - Data queued to mysql_queue for MySQL storage
2025-02-28 01:49:45,537 - INFO - Trade received: BITGET_SPOT_PI_USDT at 2.7323
2025-02-28 01:49:45,554 - INFO - Indicators calculated - Processing took 0.015s
2025-02-28 01:49:45,554 - INFO - Data queued to mysql_queue for MySQL storage
2025-02-28 01:49:45,659 - INFO - Trade received: BITGET_SPOT_PI_USDT at 2.7320
2025-02-28 01:49:45,673 - INFO - Indicators calculated - Processing took 0.014s
2025-02-28 01:49:45,673 - INFO - Data queued to mysql_queue for MySQL storage
2025-02-28 01:49:45,781 - INFO - Trade received: BITGET_SPOT_PI_USDT at 2.7322
2025-02-28 01:49:45,803 - INFO - Indicators calculated - Processing took 0.020s
2025-02-28 01:49:45,803 - INFO - Data queued to mysql_queue for MySQL storage
2025-02-28 01:49:45,913 - INFO - Trade received: BITGET_SPOT_PI_USDT at 2.7324
2025-02-28 01:49:45,919 - INFO - Indicators calculated - Processing took 0.006s
2025-02-28 01:49:45,919 - INFO - Data queued to mysql_queue for MySQL storage
2025-02-28 01:49:46,037 - INFO - Trade received: BITGET_SPOT_PI_USDT at 2.7320
2025-02-28 01:49:46,055 - INFO - Indicators calculated - Processing took 0.018s
2025-02-28 01:49:46,056 - INFO - Data queued to mysql_queue for MySQL storage
2025-02-28 01:49:46,189 - INFO - Indicators calculated - Processing took 0.030s
2025-02-28 01:49:46,189 - INFO - Data queued to mysql_queue for MySQL storage
2025-02-28 01:49:46,292 - INFO - Trade received: BITGET_SPOT_PI_USDT at 2.7320
2025-02-28 01:49:46,311 - INFO - Indicators calculated - Processing took 0.019s
2025-02-28 01:49:46,312 - INFO - Data queued to mysql_queue for MySQL storage
2025-02-28 01:49:46,416 - INFO - Trade received: BITGET_SPOT_PI_USDT at 2.7319
2025-02-28 01:49:46,421 - INFO - Indicators calculated - Processing took 0.005s
2025-02-28 01:49:46,421 - INFO - Data queued to mysql_queue for MySQL storage
2025-02-28 01:49:46,539 - INFO - Trade received: BITGET_SPOT_PI_USDT at 2.7310
2025-02-28 01:49:46,557 - INFO - Indicators calculated - Processing took 0.017s
2025-02-28 01:49:46,558 - INFO - Data queued to mysql_queue for MySQL storage
2025-02-28 01:49:46,661 - INFO - Trade received: BITGET_SPOT_PI_USDT at 2.7310
2025-02-28 01:49:46,679 - INFO - Indicators calculated - Processing took 0.018s
2025-02-28 01:49:46,679 - INFO - Data queued to mysql_queue for MySQL storage
2025-02-28 01:49:46,784 - INFO - Trade received: BITGET_SPOT_PI_USDT at 2.7322
2025-02-28 01:49:46,805 - INFO - Indicators calculated - Processing took 0.021s
2025-02-28 01:49:46,806 - INFO - Data queued to mysql_queue for MySQL storage
2025-02-28 01:49:46,909 - INFO - Trade received: BITGET_SPOT_PI_USDT at 2.7310
2025-02-28 01:49:46,940 - INFO - Indicators calculated - Processing took 0.030s
2025-02-28 01:49:46,940 - INFO - Data queued to mysql_queue for MySQL storage
2025-02-28 01:49:47,048 - INFO - Trade received: BITGET_SPOT_PI_USDT at 2.7310
2025-02-28 01:49:47,063 - INFO - Indicators calculated - Processing took 0.015s
2025-02-28 01:49:47,072 - INFO - Data queued to mysql_queue for MySQL storage
2025-02-28 01:49:47,176 - INFO - Trade received: BITGET_SPOT_PI_USDT at 2.7322
2025-02-28 01:49:47,209 - INFO - Indicators calculated - Processing took 0.033s
2025-02-28 01:49:47,209 - INFO - Data queued to mysql_queue for MySQL storage
2025-02-28 01:49:47,328 - INFO - Trade received: BITGET_SPOT_PI_USDT at 2.7322
2025-02-28 01:49:47,346 - INFO - Indicators calculated - Processing took 0.018s
2025-02-28 01:49:47,346 - INFO - Data queued to mysql_queue for MySQL storage
2025-02-28 01:49:47,457 - INFO - Trade received: BITGET_SPOT_PI_USDT at 2.7315
2025-02-28 01:49:47,482 - INFO - Indicators calculated - Processing took 0.024s
2025-02-28 01:49:47,483 - INFO - Data queued to mysql_queue for MySQL storage
2025-02-28 01:49:47,607 - INFO - Indicators calculated - Processing took 0.020s
2025-02-28 01:49:47,623 - INFO - Data queued to mysql_queue for MySQL storage
2025-02-28 01:49:47,733 - INFO - Trade received: BITGET_SPOT_PI_USDT at 2.7311
2025-02-28 01:49:47,776 - INFO - Indicators calculated - Processing took 0.042s
2025-02-28 01:49:47,776 - INFO - Data queued to mysql_queue for MySQL storage
2025-02-28 01:49:47,883 - INFO - Trade received: BITGET_SPOT_PI_USDT at 2.7310
2025-02-28 01:49:47,928 - INFO - Indicators calculated - Processing took 0.044s
2025-02-28 01:49:47,928 - INFO - Data queued to mysql_queue for MySQL storage
2025-02-28 01:49:48,040 - INFO - Trade received: BITGET_SPOT_PI_USDT at 2.7299
2025-02-28 01:49:48,078 - INFO - Indicators calculated - Processing took 0.035s
2025-02-28 01:49:48,078 - INFO - Data queued to mysql_queue for MySQL storage
2025-02-28 01:49:48,190 - INFO - Trade received: BITGET_SPOT_PI_USDT at 2.7300
2025-02-28 01:49:48,205 - INFO - Indicators calculated - Processing took 0.016s
2025-02-28 01:49:48,206 - INFO - Data queued to mysql_queue for MySQL storage
2025-02-28 01:49:48,310 - INFO - Trade received: BITGET_SPOT_PI_USDT at 2.7304
2025-02-28 01:49:48,327 - INFO - Indicators calculated - Processing took 0.017s
2025-02-28 01:49:48,328 - INFO - Data queued to mysql_queue for MySQL storage
2025-02-28 01:49:48,432 - INFO - Trade received: BITGET_SPOT_PI_USDT at 2.7300
2025-02-28 01:49:48,450 - INFO - Indicators calculated - Processing took 0.018s
2025-02-28 01:49:48,450 - INFO - Data queued to mysql_queue for MySQL storage
2025-02-28 01:49:48,557 - INFO - Trade received: BITGET_SPOT_PI_USDT at 2.7300
2025-02-28 01:49:48,568 - INFO - Indicators calculated - Processing took 0.011s
2025-02-28 01:49:48,568 - INFO - Data queued to mysql_queue for MySQL storage
2025-02-28 01:49:48,680 - INFO - Trade received: BITGET_SPOT_PI_USDT at 2.7300
2025-02-28 01:49:48,701 - INFO - Indicators calculated - Processing took 0.021s
2025-02-28 01:49:48,702 - INFO - Data queued to mysql_queue for MySQL storage
2025-02-28 01:49:48,806 - INFO - Trade received: BITGET_SPOT_PI_USDT at 2.7300
2025-02-28 01:49:48,821 - INFO - Indicators calculated - Processing took 0.016s
2025-02-28 01:49:48,822 - INFO - Data queued to mysql_queue for MySQL storage
2025-02-28 01:49:48,945 - INFO - Indicators calculated - Processing took 0.015s
2025-02-28 01:49:48,945 - INFO - Data queued to mysql_queue for MySQL storage
2025-02-28 01:49:49,049 - INFO - Trade received: BITGET_SPOT_PI_USDT at 2.7294
2025-02-28 01:49:49,066 - INFO - Indicators calculated - Processing took 0.016s
2025-02-28 01:49:49,066 - INFO - Data queued to mysql_queue for MySQL storage
2025-02-28 01:49:49,170 - INFO - Trade received: BITGET_SPOT_PI_USDT at 2.7294
2025-02-28 01:49:49,185 - INFO - Indicators calculated - Processing took 0.015s
2025-02-28 01:49:49,185 - INFO - Data queued to mysql_queue for MySQL storage
2025-02-28 01:49:49,297 - INFO - Trade received: BITGET_SPOT_PI_USDT at 2.7295
2025-02-28 01:49:49,333 - INFO - Indicators calculated - Processing took 0.035s
2025-02-28 01:49:49,333 - INFO - Data queued to mysql_queue for MySQL storage
2025-02-28 01:49:49,455 - INFO - Trade received: BITGET_SPOT_PI_USDT at 2.7296
2025-02-28 01:49:49,470 - INFO - Indicators calculated - Processing took 0.000s
2025-02-28 01:49:49,470 - INFO - Data queued to mysql_queue for MySQL storage
2025-02-28 01:49:49,575 - INFO - Trade received: BITGET_SPOT_PI_USDT at 2.7302
2025-02-28 01:49:49,582 - INFO - Indicators calculated - Processing took 0.007s
2025-02-28 01:49:49,582 - INFO - Data queued to mysql_queue for MySQL storage
2025-02-28 01:49:49,695 - INFO - Trade received: BITGET_SPOT_PI_USDT at 2.7294
2025-02-28 01:49:49,745 - INFO - Indicators calculated - Processing took 0.048s
2025-02-28 01:49:49,752 - INFO - Data queued to mysql_queue for MySQL storage
2025-02-28 01:49:49,863 - INFO - Trade received: BITGET_SPOT_PI_USDT at 2.7308
2025-02-28 01:49:49,889 - INFO - Indicators calculated - Processing took 0.026s
2025-02-28 01:49:49,889 - INFO - Data queued to mysql_queue for MySQL storage
2025-02-28 01:49:49,999 - INFO - Trade received: BITGET_SPOT_PI_USDT at 2.7306
2025-02-28 01:49:50,016 - INFO - Indicators calculated - Processing took 0.016s
2025-02-28 01:49:50,017 - INFO - Data queued to mysql_queue for MySQL storage
2025-02-28 01:49:50,123 - INFO - Trade received: BITGET_SPOT_PI_USDT at 2.7300
2025-02-28 01:49:50,135 - INFO - Indicators calculated - Processing took 0.013s
2025-02-28 01:49:50,135 - INFO - Data queued to mysql_queue for MySQL storage
2025-02-28 01:49:50,246 - INFO - Trade received: BITGET_SPOT_PI_USDT at 2.7301
2025-02-28 01:49:50,263 - INFO - Indicators calculated - Processing took 0.017s
2025-02-28 01:49:50,263 - INFO - Data queued to mysql_queue for MySQL storage
2025-02-28 01:49:50,367 - INFO - Trade received: BITGET_SPOT_PI_USDT at 2.7300
2025-02-28 01:49:50,385 - INFO - Indicators calculated - Processing took 0.017s
2025-02-28 01:49:50,386 - INFO - Data queued to mysql_queue for MySQL storage
2025-02-28 01:49:50,494 - INFO - Trade received: BITGET_SPOT_PI_USDT at 2.7301
2025-02-28 01:49:50,510 - INFO - Indicators calculated - Processing took 0.017s
2025-02-28 01:49:50,510 - INFO - Data queued to mysql_queue for MySQL storage
2025-02-28 01:49:50,616 - INFO - Trade received: BITGET_SPOT_PI_USDT at 2.7297
2025-02-28 01:49:50,631 - INFO - Indicators calculated - Processing took 0.016s
2025-02-28 01:49:50,632 - INFO - Data queued to mysql_queue for MySQL storage
2025-02-28 01:49:50,737 - INFO - Trade received: BITGET_SPOT_PI_USDT at 2.7300
2025-02-28 01:49:50,771 - INFO - Indicators calculated - Processing took 0.032s
2025-02-28 01:49:50,772 - INFO - Data queued to mysql_queue for MySQL storage
2025-02-28 01:49:50,879 - INFO - Trade received: BITGET_SPOT_PI_USDT at 2.7283
2025-02-28 01:49:50,906 - INFO - Indicators calculated - Processing took 0.027s
2025-02-28 01:49:50,906 - INFO - Data queued to mysql_queue for MySQL storage
2025-02-28 01:49:51,012 - INFO - Trade received: BITGET_SPOT_PI_USDT at 2.7278
2025-02-28 01:49:51,039 - INFO - Indicators calculated - Processing took 0.026s
2025-02-28 01:49:51,039 - INFO - Data queued to mysql_queue for MySQL storage
2025-02-28 01:49:51,145 - INFO - Trade received: BITGET_SPOT_PI_USDT at 2.7280
2025-02-28 01:49:51,171 - INFO - Indicators calculated - Processing took 0.014s
2025-02-28 01:49:51,171 - INFO - Data queued to mysql_queue for MySQL storage
2025-02-28 01:49:51,288 - INFO - Indicators calculated - Processing took 0.013s
2025-02-28 01:49:51,288 - INFO - Data queued to mysql_queue for MySQL storage
2025-02-28 01:49:51,395 - INFO - Trade received: BITGET_SPOT_PI_USDT at 2.7271
2025-02-28 01:49:51,412 - INFO - Indicators calculated - Processing took 0.016s
2025-02-28 01:49:51,413 - INFO - Data queued to mysql_queue for MySQL storage
2025-02-28 01:49:51,516 - INFO - Trade received: BITGET_SPOT_PI_USDT at 2.7271
2025-02-28 01:49:51,534 - INFO - Indicators calculated - Processing took 0.017s
2025-02-28 01:49:51,534 - INFO - Data queued to mysql_queue for MySQL storage
2025-02-28 01:49:51,639 - INFO - Trade received: BITGET_SPOT_PI_USDT at 2.7272
2025-02-28 01:49:51,661 - INFO - Indicators calculated - Processing took 0.022s
2025-02-28 01:49:51,661 - INFO - Data queued to mysql_queue for MySQL storage
2025-02-28 01:49:51,776 - INFO - Trade received: BITGET_SPOT_PI_USDT at 2.7271
2025-02-28 01:49:51,796 - INFO - Indicators calculated - Processing took 0.019s
2025-02-28 01:49:51,796 - INFO - Data queued to mysql_queue for MySQL storage
2025-02-28 01:49:51,932 - INFO - Indicators calculated - Processing took 0.029s
2025-02-28 01:49:51,932 - INFO - Data queued to mysql_queue for MySQL storage
2025-02-28 01:49:52,043 - INFO - Trade received: BITGET_SPOT_PI_USDT at 2.7272
2025-02-28 01:49:52,059 - INFO - Indicators calculated - Processing took 0.016s
2025-02-28 01:49:52,059 - INFO - Data queued to mysql_queue for MySQL storage
2025-02-28 01:49:52,164 - INFO - Trade received: BITGET_SPOT_PI_USDT at 2.7271
2025-02-28 01:49:52,180 - INFO - Indicators calculated - Processing took 0.016s
2025-02-28 01:49:52,180 - INFO - Data queued to mysql_queue for MySQL storage
2025-02-28 01:49:52,285 - INFO - Trade received: BITGET_SPOT_PI_USDT at 2.7263
2025-02-28 01:49:52,302 - INFO - Indicators calculated - Processing took 0.016s
2025-02-28 01:49:52,303 - INFO - Data queued to mysql_queue for MySQL storage
2025-02-28 01:49:52,406 - INFO - Trade received: BITGET_SPOT_PI_USDT at 2.7265
2025-02-28 01:49:52,415 - INFO - Indicators calculated - Processing took 0.009s
2025-02-28 01:49:52,415 - INFO - Data queued to mysql_queue for MySQL storage
2025-02-28 01:49:52,528 - INFO - Trade received: BITGET_SPOT_PI_USDT at 2.7265
2025-02-28 01:49:52,544 - INFO - Indicators calculated - Processing took 0.015s
2025-02-28 01:49:52,544 - INFO - Data queued to mysql_queue for MySQL storage
2025-02-28 01:49:52,649 - INFO - Trade received: BITGET_SPOT_PI_USDT at 2.7266
2025-02-28 01:49:52,661 - INFO - Indicators calculated - Processing took 0.011s
2025-02-28 01:49:52,661 - INFO - Data queued to mysql_queue for MySQL storage
2025-02-28 01:49:52,770 - INFO - Trade received: BITGET_SPOT_PI_USDT at 2.7253
2025-02-28 01:49:52,785 - INFO - Indicators calculated - Processing took 0.015s
2025-02-28 01:49:52,785 - INFO - Data queued to mysql_queue for MySQL storage
2025-02-28 01:49:52,892 - INFO - Trade received: BITGET_SPOT_PI_USDT at 2.7255
2025-02-28 01:49:52,907 - INFO - Indicators calculated - Processing took 0.015s
2025-02-28 01:49:52,908 - INFO - Data queued to mysql_queue for MySQL storage
2025-02-28 01:49:53,012 - INFO - Trade received: BITGET_SPOT_PI_USDT at 2.7256
2025-02-28 01:49:53,028 - INFO - Indicators calculated - Processing took 0.001s
2025-02-28 01:49:53,029 - INFO - Data queued to mysql_queue for MySQL storage
2025-02-28 01:49:53,144 - INFO - Trade received: BITGET_SPOT_PI_USDT at 2.7257
2025-02-28 01:49:53,162 - INFO - Indicators calculated - Processing took 0.017s
2025-02-28 01:49:53,163 - INFO - Data queued to mysql_queue for MySQL storage
2025-02-28 01:49:53,267 - INFO - Trade received: BITGET_SPOT_PI_USDT at 2.7257
2025-02-28 01:49:53,284 - INFO - Indicators calculated - Processing took 0.018s
2025-02-28 01:49:53,285 - INFO - Data queued to mysql_queue for MySQL storage
2025-02-28 01:49:53,389 - INFO - Trade received: BITGET_SPOT_PI_USDT at 2.7257
2025-02-28 01:49:53,422 - INFO - Indicators calculated - Processing took 0.032s
2025-02-28 01:49:53,422 - INFO - Data queued to mysql_queue for MySQL storage
2025-02-28 01:49:53,531 - INFO - Trade received: BITGET_SPOT_PI_USDT at 2.7257
2025-02-28 01:49:53,573 - INFO - Indicators calculated - Processing took 0.040s
2025-02-28 01:49:53,573 - INFO - Data queued to mysql_queue for MySQL storage
2025-02-28 01:49:53,681 - INFO - Trade received: BITGET_SPOT_PI_USDT at 2.7259
2025-02-28 01:49:53,702 - INFO - Indicators calculated - Processing took 0.020s
2025-02-28 01:49:53,702 - INFO - Data queued to mysql_queue for MySQL storage
2025-02-28 01:49:53,814 - INFO - Trade received: BITGET_SPOT_PI_USDT at 2.7253
2025-02-28 01:49:53,843 - INFO - Indicators calculated - Processing took 0.027s
2025-02-28 01:49:53,844 - INFO - Data queued to mysql_queue for MySQL storage
2025-02-28 01:49:53,948 - INFO - Trade received: BITGET_SPOT_PI_USDT at 2.7253
2025-02-28 01:49:53,985 - INFO - Indicators calculated - Processing took 0.036s
2025-02-28 01:49:53,985 - INFO - Data queued to mysql_queue for MySQL storage
2025-02-28 01:49:54,096 - INFO - Trade received: BITGET_SPOT_PI_USDT at 2.7288
2025-02-28 01:49:54,136 - INFO - Indicators calculated - Processing took 0.040s
2025-02-28 01:49:54,136 - INFO - Data queued to mysql_queue for MySQL storage
2025-02-28 01:49:54,254 - INFO - Trade received: BITGET_SPOT_PI_USDT at 2.7284
2025-02-28 01:49:54,290 - INFO - Indicators calculated - Processing took 0.035s
2025-02-28 01:49:54,290 - INFO - Data queued to mysql_queue for MySQL storage
2025-02-28 01:49:54,396 - INFO - Trade received: BITGET_SPOT_PI_USDT at 2.7275
2025-02-28 01:49:54,413 - INFO - Indicators calculated - Processing took 0.016s
2025-02-28 01:49:54,414 - INFO - Data queued to mysql_queue for MySQL storage
2025-02-28 01:49:54,520 - INFO - Trade received: BITGET_SPOT_PI_USDT at 2.7275
2025-02-28 01:49:54,553 - INFO - Indicators calculated - Processing took 0.029s
2025-02-28 01:49:54,553 - INFO - Data queued to mysql_queue for MySQL storage
2025-02-28 01:49:54,671 - INFO - Indicators calculated - Processing took 0.008s
2025-02-28 01:49:54,671 - INFO - Data queued to mysql_queue for MySQL storage
2025-02-28 01:49:54,785 - INFO - Trade received: BITGET_SPOT_PI_USDT at 2.7277
2025-02-28 01:49:54,802 - INFO - Indicators calculated - Processing took 0.001s
2025-02-28 01:49:54,802 - INFO - Data queued to mysql_queue for MySQL storage
2025-02-28 01:49:54,906 - INFO - Trade received: BITGET_SPOT_PI_USDT at 2.7283
2025-02-28 01:49:54,928 - INFO - Indicators calculated - Processing took 0.022s
2025-02-28 01:49:54,928 - INFO - Data queued to mysql_queue for MySQL storage
2025-02-28 01:49:55,043 - INFO - Trade received: BITGET_SPOT_PI_USDT at 2.7274
2025-02-28 01:49:55,070 - INFO - Indicators calculated - Processing took 0.026s
2025-02-28 01:49:55,071 - INFO - Data queued to mysql_queue for MySQL storage
2025-02-28 01:49:55,176 - INFO - Trade received: BITGET_SPOT_PI_USDT at 2.7281
2025-02-28 01:49:55,192 - INFO - Indicators calculated - Processing took 0.015s
2025-02-28 01:49:55,192 - INFO - Data queued to mysql_queue for MySQL storage
2025-02-28 01:49:55,309 - INFO - Trade received: BITGET_SPOT_PI_USDT at 2.7281
2025-02-28 01:49:55,329 - INFO - Indicators calculated - Processing took 0.021s
2025-02-28 01:49:55,329 - INFO - Data queued to mysql_queue for MySQL storage
2025-02-28 01:49:55,440 - INFO - Trade received: BITGET_SPOT_PI_USDT at 2.7292
2025-02-28 01:49:55,461 - INFO - Indicators calculated - Processing took 0.021s
2025-02-28 01:49:55,461 - INFO - Data queued to mysql_queue for MySQL storage
2025-02-28 01:49:55,589 - INFO - Indicators calculated - Processing took 0.016s
2025-02-28 01:49:55,589 - INFO - Data queued to mysql_queue for MySQL storage
2025-02-28 01:49:55,708 - INFO - Trade received: BITGET_SPOT_PI_USDT at 2.7295
2025-02-28 01:49:55,730 - INFO - Indicators calculated - Processing took 0.022s
2025-02-28 01:49:55,730 - INFO - Data queued to mysql_queue for MySQL storage
2025-02-28 01:49:55,842 - INFO - Trade received: BITGET_SPOT_PI_USDT at 2.7294
2025-02-28 01:49:55,877 - INFO - Indicators calculated - Processing took 0.034s
2025-02-28 01:49:55,877 - INFO - Data queued to mysql_queue for MySQL storage
2025-02-28 01:49:55,986 - INFO - Trade received: BITGET_SPOT_PI_USDT at 2.7315
2025-02-28 01:49:56,009 - INFO - Indicators calculated - Processing took 0.022s
2025-02-28 01:49:56,009 - INFO - Data queued to mysql_queue for MySQL storage
2025-02-28 01:49:56,112 - INFO - Trade received: BITGET_SPOT_PI_USDT at 2.7324
2025-02-28 01:49:56,133 - INFO - Indicators calculated - Processing took 0.020s
2025-02-28 01:49:56,133 - INFO - Data queued to mysql_queue for MySQL storage
2025-02-28 01:49:56,241 - INFO - Trade received: BITGET_SPOT_PI_USDT at 2.7316
2025-02-28 01:49:56,262 - INFO - Indicators calculated - Processing took 0.020s
2025-02-28 01:49:56,263 - INFO - Data queued to mysql_queue for MySQL storage
2025-02-28 01:49:56,375 - INFO - Indicators calculated - Processing took 0.009s
2025-02-28 01:49:56,375 - INFO - Data queued to mysql_queue for MySQL storage
2025-02-28 01:49:56,487 - INFO - Trade received: BITGET_SPOT_PI_USDT at 2.7316
2025-02-28 01:49:56,510 - INFO - Indicators calculated - Processing took 0.023s
2025-02-28 01:49:56,510 - INFO - Data queued to mysql_queue for MySQL storage
2025-02-28 01:49:56,624 - INFO - Trade received: BITGET_SPOT_PI_USDT at 2.7313
2025-02-28 01:49:56,642 - INFO - Indicators calculated - Processing took 0.017s
2025-02-28 01:49:56,642 - INFO - Data queued to mysql_queue for MySQL storage
2025-02-28 01:49:56,747 - INFO - Trade received: BITGET_SPOT_PI_USDT at 2.7324
2025-02-28 01:49:56,764 - INFO - Indicators calculated - Processing took 0.016s
2025-02-28 01:49:56,764 - INFO - Data queued to mysql_queue for MySQL storage
